This file contains any messages produced by compilers while
running configure, to aid debugging if configure makes a mistake.

It was created by libedit configure 3.1, which was
generated by GNU Autoconf 2.69.  Invocation command line was

  $ ./configure --prefix=/usr/local --libdir=/usr/local/lib64

## --------- ##
## Platform. ##
## --------- ##

hostname = ip-172-31-11-164.us-west-1.compute.internal
uname -m = x86_64
uname -r = 4.14.290-217.505.amzn2.x86_64
uname -s = Linux
uname -v = #1 SMP Wed Aug 10 09:52:16 UTC 2022

/usr/bin/uname -p = x86_64
/bin/uname -X     = unknown

/bin/arch              = x86_64
/usr/bin/arch -k       = unknown
/usr/convex/getsysinfo = unknown
/usr/bin/hostinfo      = unknown
/bin/machine           = unknown
/usr/bin/oslevel       = unknown
/bin/universe          = unknown

PATH: /home/ec2-user/.rvm/gems/ruby-2.6.3/bin
PATH: /home/ec2-user/.rvm/gems/ruby-2.6.3@global/bin
PATH: /home/ec2-user/.rvm/rubies/ruby-2.6.3/bin
PATH: /home/ec2-user/.rvm/gems/ruby-2.6.3/bin
PATH: /home/ec2-user/.rvm/gems/ruby-2.6.3@global/bin
PATH: /home/ec2-user/.rvm/rubies/ruby-2.6.3/bin
PATH: /home/ec2-user/.rvm/gems/ruby-2.6.3/bin
PATH: /home/ec2-user/.rvm/gems/ruby-2.6.3@global/bin
PATH: /home/ec2-user/.rvm/rubies/ruby-2.6.3/bin
PATH: /home/ec2-user/.rvm/gems/ruby-2.6.3/bin
PATH: /home/ec2-user/.rvm/gems/ruby-2.6.3@global/bin
PATH: /home/ec2-user/.rvm/rubies/ruby-2.6.3/bin
PATH: /home/ec2-user/.nvm/versions/node/v16.16.0/bin
PATH: /home/ec2-user/.rvm/gems/ruby-2.6.3/bin
PATH: /home/ec2-user/.rvm/gems/ruby-2.6.3@global/bin
PATH: /home/ec2-user/.rvm/rubies/ruby-2.6.3/bin
PATH: /home/ec2-user/.rvm/gems/ruby-2.6.3/bin
PATH: /home/ec2-user/.rvm/gems/ruby-2.6.3@global/bin
PATH: /home/ec2-user/.rvm/rubies/ruby-2.6.3/bin
PATH: /usr/local/bin
PATH: /usr/bin
PATH: /home/ec2-user/.local/bin
PATH: /home/ec2-user/bin
PATH: /usr/local/bin
PATH: /home/ec2-user/.rvm/bin
PATH: /usr/local/sbin
PATH: /usr/sbin
PATH: /home/ec2-user/.local/bin
PATH: /home/ec2-user/bin
PATH: /usr/local/bin
PATH: /home/ec2-user/.rvm/bin
PATH: /home/ec2-user/.local/bin
PATH: /home/ec2-user/bin
PATH: /home/ec2-user/.local/bin
PATH: /home/ec2-user/bin
PATH: /usr/local/bin
PATH: /home/ec2-user/.rvm/bin
PATH: /home/ec2-user/.local/bin
PATH: /home/ec2-user/bin
PATH: /home/ec2-user/.local/bin
PATH: /home/ec2-user/bin
PATH: /usr/local/bin
PATH: /home/ec2-user/.rvm/binalias
PATH: /home/ec2-user/.local/bin
PATH: /home/ec2-user/bin
PATH: /usr/local/bin
PATH: /home/ec2-user/.rvm/binalias
PATH: /home/ec2-user/.local/bin
PATH: /home/ec2-user/bin
PATH: /usr/local/bin
PATH: /home/ec2-user/.rvm/binalias


## ----------- ##
## Core tests. ##
## ----------- ##

configure:2421: checking for gcc
configure:2437: found /usr/bin/gcc
configure:2448: result: gcc
configure:2677: checking for C compiler version
configure:2686: gcc --version >&5
gcc (GCC) 7.3.1 20180712 (Red Hat 7.3.1-15)
Copyright (C) 2017 Free Software Foundation, Inc.
This is free software; see the source for copying conditions.  There is NO
warranty; not even for MERCHANTABILITY or FITNESS FOR A PARTICULAR PURPOSE.

configure:2697: $? = 0
configure:2686: gcc -v >&5
Using built-in specs.
COLLECT_GCC=gcc
COLLECT_LTO_WRAPPER=/usr/libexec/gcc/x86_64-redhat-linux/7/lto-wrapper
Target: x86_64-redhat-linux
Configured with: ../configure --enable-bootstrap --enable-languages=c,c++,objc,obj-c++,fortran,ada,go,lto --prefix=/usr --mandir=/usr/share/man --infodir=/usr/share/info --with-bugurl=http://bugzilla.redhat.com/bugzilla --enable-shared --enable-threads=posix --enable-checking=release --enable-multilib --with-system-zlib --enable-__cxa_atexit --disable-libunwind-exceptions --enable-gnu-unique-object --enable-linker-build-id --with-gcc-major-version-only --with-linker-hash-style=gnu --enable-plugin --enable-initfini-array --with-isl --enable-libmpx --enable-libsanitizer --enable-gnu-indirect-function --enable-libcilkrts --enable-libatomic --enable-libquadmath --enable-libitm --with-tune=generic --with-arch_32=x86-64 --build=x86_64-redhat-linux
Thread model: posix
gcc version 7.3.1 20180712 (Red Hat 7.3.1-15) (GCC) 
configure:2697: $? = 0
configure:2686: gcc -V >&5
gcc: error: unrecognized command line option '-V'
gcc: fatal error: no input files
compilation terminated.
configure:2697: $? = 1
configure:2686: gcc -qversion >&5
gcc: error: unrecognized command line option '-qversion'; did you mean '--version'?
gcc: fatal error: no input files
compilation terminated.
configure:2697: $? = 1
configure:2717: checking whether the C compiler works
configure:2739: gcc    conftest.c  >&5
configure:2743: $? = 0
configure:2791: result: yes
configure:2794: checking for C compiler default output file name
configure:2796: result: a.out
configure:2802: checking for suffix of executables
configure:2809: gcc -o conftest    conftest.c  >&5
configure:2813: $? = 0
configure:2835: result: 
configure:2857: checking whether we are cross compiling
configure:2865: gcc -o conftest    conftest.c  >&5
configure:2869: $? = 0
configure:2876: ./conftest
configure:2880: $? = 0
configure:2895: result: no
configure:2900: checking for suffix of object files
configure:2922: gcc -c   conftest.c >&5
configure:2926: $? = 0
configure:2947: result: o
configure:2951: checking whether we are using the GNU C compiler
configure:2970: gcc -c   conftest.c >&5
configure:2970: $? = 0
configure:2979: result: yes
configure:2988: checking whether gcc accepts -g
configure:3008: gcc -c -g  conftest.c >&5
configure:3008: $? = 0
configure:3049: result: yes
configure:3066: checking for gcc option to accept ISO C89
configure:3129: gcc  -c -g -O2  conftest.c >&5
configure:3129: $? = 0
configure:3142: result: none needed
configure:3167: checking whether gcc understands -c and -o together
configure:3189: gcc -c conftest.c -o conftest2.o
configure:3192: $? = 0
configure:3189: gcc -c conftest.c -o conftest2.o
configure:3192: $? = 0
configure:3204: result: yes
configure:3227: checking how to run the C preprocessor
configure:3258: gcc -E  conftest.c
configure:3258: $? = 0
configure:3272: gcc -E  conftest.c
conftest.c:9:10: fatal error: ac_nonexistent.h: No such file or directory
 #include <ac_nonexistent.h>
          ^~~~~~~~~~~~~~~~~~
compilation terminated.
configure:3272: $? = 1
configure: failed program was:
| /* confdefs.h */
| #define PACKAGE_NAME "libedit"
| #define PACKAGE_TARNAME "libedit-20180525"
| #define PACKAGE_VERSION "3.1"
| #define PACKAGE_STRING "libedit 3.1"
| #define PACKAGE_BUGREPORT ""
| #define PACKAGE_URL ""
| /* end confdefs.h.  */
| #include <ac_nonexistent.h>
configure:3297: result: gcc -E
configure:3317: gcc -E  conftest.c
configure:3317: $? = 0
configure:3331: gcc -E  conftest.c
conftest.c:9:10: fatal error: ac_nonexistent.h: No such file or directory
 #include <ac_nonexistent.h>
          ^~~~~~~~~~~~~~~~~~
compilation terminated.
configure:3331: $? = 1
configure: failed program was:
| /* confdefs.h */
| #define PACKAGE_NAME "libedit"
| #define PACKAGE_TARNAME "libedit-20180525"
| #define PACKAGE_VERSION "3.1"
| #define PACKAGE_STRING "libedit 3.1"
| #define PACKAGE_BUGREPORT ""
| #define PACKAGE_URL ""
| /* end confdefs.h.  */
| #include <ac_nonexistent.h>
configure:3360: checking for grep that handles long lines and -e
configure:3418: result: /usr/bin/grep
configure:3423: checking for egrep
configure:3485: result: /usr/bin/grep -E
configure:3490: checking for ANSI C header files
configure:3510: gcc -c -g -O2  conftest.c >&5
configure:3510: $? = 0
configure:3583: gcc -o conftest -g -O2   conftest.c  >&5
configure:3583: $? = 0
configure:3583: ./conftest
configure:3583: $? = 0
configure:3594: result: yes
configure:3607: checking for sys/types.h
configure:3607: gcc -c -g -O2  conftest.c >&5
configure:3607: $? = 0
configure:3607: result: yes
configure:3607: checking for sys/stat.h
configure:3607: gcc -c -g -O2  conftest.c >&5
configure:3607: $? = 0
configure:3607: result: yes
configure:3607: checking for stdlib.h
configure:3607: gcc -c -g -O2  conftest.c >&5
configure:3607: $? = 0
configure:3607: result: yes
configure:3607: checking for string.h
configure:3607: gcc -c -g -O2  conftest.c >&5
configure:3607: $? = 0
configure:3607: result: yes
configure:3607: checking for memory.h
configure:3607: gcc -c -g -O2  conftest.c >&5
configure:3607: $? = 0
configure:3607: result: yes
configure:3607: checking for strings.h
configure:3607: gcc -c -g -O2  conftest.c >&5
configure:3607: $? = 0
configure:3607: result: yes
configure:3607: checking for inttypes.h
configure:3607: gcc -c -g -O2  conftest.c >&5
configure:3607: $? = 0
configure:3607: result: yes
configure:3607: checking for stdint.h
configure:3607: gcc -c -g -O2  conftest.c >&5
configure:3607: $? = 0
configure:3607: result: yes
configure:3607: checking for unistd.h
configure:3607: gcc -c -g -O2  conftest.c >&5
configure:3607: $? = 0
configure:3607: result: yes
configure:3620: checking minix/config.h usability
configure:3620: gcc -c -g -O2  conftest.c >&5
conftest.c:52:10: fatal error: minix/config.h: No such file or directory
 #include <minix/config.h>
          ^~~~~~~~~~~~~~~~
compilation terminated.
configure:3620: $? = 1
configure: failed program was:
| /* confdefs.h */
| #define PACKAGE_NAME "libedit"
| #define PACKAGE_TARNAME "libedit-20180525"
| #define PACKAGE_VERSION "3.1"
| #define PACKAGE_STRING "libedit 3.1"
| #define PACKAGE_BUGREPORT ""
| #define PACKAGE_URL ""
| #define STDC_HEADERS 1
| #define HAVE_SYS_TYPES_H 1
| #define HAVE_SYS_STAT_H 1
| #define HAVE_STDLIB_H 1
| #define HAVE_STRING_H 1
| #define HAVE_MEMORY_H 1
| #define HAVE_STRINGS_H 1
| #define HAVE_INTTYPES_H 1
| #define HAVE_STDINT_H 1
| #define HAVE_UNISTD_H 1
| /* end confdefs.h.  */
| #include <stdio.h>
| #ifdef HAVE_SYS_TYPES_H
| # include <sys/types.h>
| #endif
| #ifdef HAVE_SYS_STAT_H
| # include <sys/stat.h>
| #endif
| #ifdef STDC_HEADERS
| # include <stdlib.h>
| # include <stddef.h>
| #else
| # ifdef HAVE_STDLIB_H
| #  include <stdlib.h>
| # endif
| #endif
| #ifdef HAVE_STRING_H
| # if !defined STDC_HEADERS && defined HAVE_MEMORY_H
| #  include <memory.h>
| # endif
| # include <string.h>
| #endif
| #ifdef HAVE_STRINGS_H
| # include <strings.h>
| #endif
| #ifdef HAVE_INTTYPES_H
| # include <inttypes.h>
| #endif
| #ifdef HAVE_STDINT_H
| # include <stdint.h>
| #endif
| #ifdef HAVE_UNISTD_H
| # include <unistd.h>
| #endif
| #include <minix/config.h>
configure:3620: result: no
configure:3620: checking minix/config.h presence
configure:3620: gcc -E  conftest.c
conftest.c:19:10: fatal error: minix/config.h: No such file or directory
 #include <minix/config.h>
          ^~~~~~~~~~~~~~~~
compilation terminated.
configure:3620: $? = 1
configure: failed program was:
| /* confdefs.h */
| #define PACKAGE_NAME "libedit"
| #define PACKAGE_TARNAME "libedit-20180525"
| #define PACKAGE_VERSION "3.1"
| #define PACKAGE_STRING "libedit 3.1"
| #define PACKAGE_BUGREPORT ""
| #define PACKAGE_URL ""
| #define STDC_HEADERS 1
| #define HAVE_SYS_TYPES_H 1
| #define HAVE_SYS_STAT_H 1
| #define HAVE_STDLIB_H 1
| #define HAVE_STRING_H 1
| #define HAVE_MEMORY_H 1
| #define HAVE_STRINGS_H 1
| #define HAVE_INTTYPES_H 1
| #define HAVE_STDINT_H 1
| #define HAVE_UNISTD_H 1
| /* end confdefs.h.  */
| #include <minix/config.h>
configure:3620: result: no
configure:3620: checking for minix/config.h
configure:3620: result: no
configure:3641: checking whether it is safe to define __EXTENSIONS__
configure:3659: gcc -c -g -O2  conftest.c >&5
configure:3659: $? = 0
configure:3666: result: yes
configure:3697: checking for a BSD-compatible install
configure:3765: result: /usr/bin/install -c
configure:3776: checking whether build environment is sane
configure:3831: result: yes
configure:3979: checking for a thread-safe mkdir -p
configure:4018: result: /usr/bin/mkdir -p
configure:4025: checking for gawk
configure:4041: found /usr/bin/gawk
configure:4052: result: gawk
configure:4063: checking whether make sets $(MAKE)
configure:4085: result: yes
configure:4107: checking whether make supports the include directive
configure:4122: make -f confmf.GNU && cat confinc.out
this is the am__doit target
configure:4125: $? = 0
configure:4144: result: yes (GNU style)
configure:4177: checking whether make supports nested variables
configure:4194: result: yes
configure:4279: checking dependency style of gcc
configure:4390: result: gcc3
configure:4477: checking build system type
configure:4491: result: x86_64-pc-linux-gnu
configure:4511: checking host system type
configure:4524: result: x86_64-pc-linux-gnu
configure:4565: checking how to print strings
configure:4592: result: printf
configure:4613: checking for a sed that does not truncate output
configure:4677: result: /usr/bin/sed
configure:4695: checking for fgrep
configure:4757: result: /usr/bin/grep -F
configure:4792: checking for ld used by gcc
configure:4859: result: /usr/bin/ld
configure:4866: checking if the linker (/usr/bin/ld) is GNU ld
configure:4881: result: yes
configure:4893: checking for BSD- or MS-compatible name lister (nm)
configure:4947: result: /usr/bin/nm -B
configure:5077: checking the name lister (/usr/bin/nm -B) interface
configure:5084: gcc -c -g -O2  conftest.c >&5
configure:5087: /usr/bin/nm -B "conftest.o"
configure:5090: output
0000000000000000 B some_variable
configure:5097: result: BSD nm
configure:5100: checking whether ln -s works
configure:5104: result: yes
configure:5112: checking the maximum length of command line arguments
configure:5243: result: 1966080
configure:5291: checking how to convert x86_64-pc-linux-gnu file names to x86_64-pc-linux-gnu format
configure:5331: result: func_convert_file_noop
configure:5338: checking how to convert x86_64-pc-linux-gnu file names to toolchain format
configure:5358: result: func_convert_file_noop
configure:5365: checking for /usr/bin/ld option to reload object files
configure:5372: result: -r
configure:5446: checking for objdump
configure:5462: found /usr/bin/objdump
configure:5473: result: objdump
configure:5505: checking how to recognize dependent libraries
configure:5705: result: pass_all
configure:5790: checking for dlltool
configure:5820: result: no
configure:5850: checking how to associate runtime and link libraries
configure:5877: result: printf %s\n
configure:5937: checking for ar
configure:5953: found /usr/bin/ar
configure:5964: result: ar
configure:6001: checking for archiver @FILE support
configure:6018: gcc -c -g -O2  conftest.c >&5
configure:6018: $? = 0
configure:6021: ar cru libconftest.a @conftest.lst >&5
configure:6024: $? = 0
configure:6029: ar cru libconftest.a @conftest.lst >&5
ar: conftest.o: No such file or directory
configure:6032: $? = 1
configure:6044: result: @
configure:6102: checking for strip
configure:6118: found /usr/bin/strip
configure:6129: result: strip
configure:6201: checking for ranlib
configure:6217: found /usr/bin/ranlib
configure:6228: result: ranlib
configure:6330: checking command to parse /usr/bin/nm -B output from gcc object
configure:6483: gcc -c -g -O2  conftest.c >&5
configure:6486: $? = 0
configure:6490: /usr/bin/nm -B conftest.o \| sed -n -e 's/^.*[ ]\([ABCDGIRSTW][ABCDGIRSTW]*\)[ ][ ]*\([_A-Za-z][_A-Za-z0-9]*\)$/\1 \2 \2/p' | sed '/ __gnu_lto/d' \> conftest.nm
configure:6493: $? = 0
configure:6559: gcc -o conftest -g -O2   conftest.c conftstm.o >&5
configure:6562: $? = 0
configure:6600: result: ok
configure:6647: checking for sysroot
configure:6677: result: no
configure:6684: checking for a working dd
configure:6722: result: /usr/bin/dd
configure:6726: checking how to truncate binary pipes
configure:6741: result: /usr/bin/dd bs=4096 count=1
configure:6877: gcc -c -g -O2  conftest.c >&5
configure:6880: $? = 0
configure:7070: checking for mt
configure:7100: result: no
configure:7120: checking if : is a manifest tool
configure:7126: : '-?'
configure:7134: result: no
configure:7808: checking for dlfcn.h
configure:7808: gcc -c -g -O2  conftest.c >&5
configure:7808: $? = 0
configure:7808: result: yes
configure:8064: checking for objdir
configure:8079: result: .libs
configure:8343: checking if gcc supports -fno-rtti -fno-exceptions
configure:8361: gcc -c -g -O2  -fno-rtti -fno-exceptions conftest.c >&5
cc1: warning: command line option '-fno-rtti' is valid for C++/ObjC++ but not for C
configure:8365: $? = 0
configure:8378: result: no
configure:8736: checking for gcc option to produce PIC
configure:8743: result: -fPIC -DPIC
configure:8751: checking if gcc PIC flag -fPIC -DPIC works
configure:8769: gcc -c -g -O2  -fPIC -DPIC -DPIC conftest.c >&5
configure:8773: $? = 0
configure:8786: result: yes
configure:8815: checking if gcc static flag -static works
configure:8843: result: no
configure:8858: checking if gcc supports -c -o file.o
configure:8879: gcc -c -g -O2  -o out/conftest2.o conftest.c >&5
configure:8883: $? = 0
configure:8905: result: yes
configure:8913: checking if gcc supports -c -o file.o
configure:8960: result: yes
configure:8993: checking whether the gcc linker (/usr/bin/ld -m elf_x86_64) supports shared libraries
configure:10252: result: yes
configure:10289: checking whether -lc should be explicitly linked in
configure:10297: gcc -c -g -O2  conftest.c >&5
configure:10300: $? = 0
configure:10315: gcc -shared  -fPIC -DPIC conftest.o  -v -Wl,-soname -Wl,conftest -o conftest 2\>\&1 \| /usr/bin/grep  -lc  \>/dev/null 2\>\&1
configure:10318: $? = 0
configure:10332: result: no
configure:10492: checking dynamic linker characteristics
configure:11073: gcc -o conftest -g -O2   -Wl,-rpath -Wl,/foo conftest.c  >&5
configure:11073: $? = 0
configure:11310: result: GNU/Linux ld.so
configure:11432: checking how to hardcode library paths into programs
configure:11457: result: immediate
configure:12005: checking whether stripping libraries is possible
configure:12010: result: yes
configure:12045: checking if libtool supports shared libraries
configure:12047: result: yes
configure:12050: checking whether to build shared libraries
configure:12075: result: yes
configure:12078: checking whether to build static libraries
configure:12082: result: yes
configure:12135: checking whether make supports nested variables
configure:12152: result: yes
configure:12165: checking for gcc option to accept ISO C99
configure:12314: gcc  -c -g -O2  conftest.c >&5
configure:12314: $? = 0
configure:12327: result: none needed
configure:12343: checking whether ln -s works
configure:12347: result: yes
configure:12358: checking for gawk
configure:12385: result: gawk
configure:12403: checking for nroff
configure:12421: found /usr/bin/nroff
configure:12433: result: /usr/bin/nroff
configure:12451: checking for tgetent in -lncurses
configure:12476: gcc -o conftest -g -O2   conftest.c -lncurses   >&5
configure:12476: $? = 0
configure:12485: result: yes
configure:12596: checking if you want wide-character code
configure:12605: result: no
configure:12607: WARNING: --enable-widec is deprecated, wide-character/UTF-8 is always enabled
configure:12633: checking for dirent.h that defines DIR
configure:12652: gcc -c -g -O2  conftest.c >&5
configure:12652: $? = 0
configure:12660: result: yes
configure:12673: checking for library containing opendir
configure:12704: gcc -o conftest -g -O2   conftest.c -lncurses  >&5
configure:12704: $? = 0
configure:12721: result: none required
configure:12788: checking for ANSI C header files
configure:12892: result: yes
configure:12900: checking for sys/wait.h that is POSIX.1 compatible
configure:12926: gcc -c -g -O2  conftest.c >&5
configure:12926: $? = 0
configure:12933: result: yes
configure:12944: checking fcntl.h usability
configure:12944: gcc -c -g -O2  conftest.c >&5
configure:12944: $? = 0
configure:12944: result: yes
configure:12944: checking fcntl.h presence
configure:12944: gcc -E  conftest.c
configure:12944: $? = 0
configure:12944: result: yes
configure:12944: checking for fcntl.h
configure:12944: result: yes
configure:12944: checking limits.h usability
configure:12944: gcc -c -g -O2  conftest.c >&5
configure:12944: $? = 0
configure:12944: result: yes
configure:12944: checking limits.h presence
configure:12944: gcc -E  conftest.c
configure:12944: $? = 0
configure:12944: result: yes
configure:12944: checking for limits.h
configure:12944: result: yes
configure:12944: checking malloc.h usability
configure:12944: gcc -c -g -O2  conftest.c >&5
configure:12944: $? = 0
configure:12944: result: yes
configure:12944: checking malloc.h presence
configure:12944: gcc -E  conftest.c
configure:12944: $? = 0
configure:12944: result: yes
configure:12944: checking for malloc.h
configure:12944: result: yes
configure:12944: checking for stdlib.h
configure:12944: result: yes
configure:12944: checking for string.h
configure:12944: result: yes
configure:12944: checking sys/ioctl.h usability
configure:12944: gcc -c -g -O2  conftest.c >&5
configure:12944: $? = 0
configure:12944: result: yes
configure:12944: checking sys/ioctl.h presence
configure:12944: gcc -E  conftest.c
configure:12944: $? = 0
configure:12944: result: yes
configure:12944: checking for sys/ioctl.h
configure:12944: result: yes
configure:12944: checking sys/param.h usability
configure:12944: gcc -c -g -O2  conftest.c >&5
configure:12944: $? = 0
configure:12944: result: yes
configure:12944: checking sys/param.h presence
configure:12944: gcc -E  conftest.c
configure:12944: $? = 0
configure:12944: result: yes
configure:12944: checking for sys/param.h
configure:12944: result: yes
configure:12944: checking for unistd.h
configure:12944: result: yes
configure:12944: checking curses.h usability
configure:12944: gcc -c -g -O2  conftest.c >&5
configure:12944: $? = 0
configure:12944: result: yes
configure:12944: checking curses.h presence
configure:12944: gcc -E  conftest.c
configure:12944: $? = 0
configure:12944: result: yes
configure:12944: checking for curses.h
configure:12944: result: yes
configure:12944: checking ncurses.h usability
configure:12944: gcc -c -g -O2  conftest.c >&5
configure:12944: $? = 0
configure:12944: result: yes
configure:12944: checking ncurses.h presence
configure:12944: gcc -E  conftest.c
configure:12944: $? = 0
configure:12944: result: yes
configure:12944: checking for ncurses.h
configure:12944: result: yes
configure:12944: checking sys/cdefs.h usability
configure:12944: gcc -c -g -O2  conftest.c >&5
configure:12944: $? = 0
configure:12944: result: yes
configure:12944: checking sys/cdefs.h presence
configure:12944: gcc -E  conftest.c
configure:12944: $? = 0
configure:12944: result: yes
configure:12944: checking for sys/cdefs.h
configure:12944: result: yes
configure:12944: checking termcap.h usability
configure:12944: gcc -c -g -O2  conftest.c >&5
configure:12944: $? = 0
configure:12944: result: yes
configure:12944: checking termcap.h presence
configure:12944: gcc -E  conftest.c
configure:12944: $? = 0
configure:12944: result: yes
configure:12944: checking for termcap.h
configure:12944: result: yes
configure:12955: checking for ncurses.h
configure:12955: result: yes
configure:12978: checking termios.h usability
configure:12978: gcc -c -g -O2  conftest.c >&5
configure:12978: $? = 0
configure:12978: result: yes
configure:12978: checking termios.h presence
configure:12978: gcc -E  conftest.c
configure:12978: $? = 0
configure:12978: result: yes
configure:12978: checking for termios.h
configure:12978: result: yes
configure:12990: checking for term.h
configure:12990: gcc -c -g -O2  conftest.c >&5
configure:12990: $? = 0
configure:12990: result: yes
configure:13010: checking for struct dirent.d_namlen
configure:13010: gcc -c -g -O2  conftest.c >&5
conftest.c: In function 'main':
conftest.c:54:13: error: 'struct dirent' has no member named 'd_namlen'; did you mean 'd_name'?
 if (ac_aggr.d_namlen)
             ^~~~~~~~
             d_name
configure:13010: $? = 1
configure: failed program was:
| /* confdefs.h */
| #define PACKAGE_NAME "libedit"
| #define PACKAGE_TARNAME "libedit-20180525"
| #define PACKAGE_VERSION "3.1"
| #define PACKAGE_STRING "libedit 3.1"
| #define PACKAGE_BUGREPORT ""
| #define PACKAGE_URL ""
| #define STDC_HEADERS 1
| #define HAVE_SYS_TYPES_H 1
| #define HAVE_SYS_STAT_H 1
| #define HAVE_STDLIB_H 1
| #define HAVE_STRING_H 1
| #define HAVE_MEMORY_H 1
| #define HAVE_STRINGS_H 1
| #define HAVE_INTTYPES_H 1
| #define HAVE_STDINT_H 1
| #define HAVE_UNISTD_H 1
| #define __EXTENSIONS__ 1
| #define _ALL_SOURCE 1
| #define _GNU_SOURCE 1
| #define _POSIX_PTHREAD_SEMANTICS 1
| #define _TANDEM_SOURCE 1
| #define PACKAGE "libedit-20180525"
| #define VERSION "3.1"
| #define HAVE_DLFCN_H 1
| #define LT_OBJDIR ".libs/"
| #define HAVE_LIBNCURSES 1
| #define HAVE_DIRENT_H 1
| #define STDC_HEADERS 1
| #define HAVE_SYS_WAIT_H 1
| #define HAVE_FCNTL_H 1
| #define HAVE_LIMITS_H 1
| #define HAVE_MALLOC_H 1
| #define HAVE_STDLIB_H 1
| #define HAVE_STRING_H 1
| #define HAVE_SYS_IOCTL_H 1
| #define HAVE_SYS_PARAM_H 1
| #define HAVE_UNISTD_H 1
| #define HAVE_CURSES_H 1
| #define HAVE_NCURSES_H 1
| #define HAVE_SYS_CDEFS_H 1
| #define HAVE_TERMCAP_H 1
| #define HAVE_TERM_H 1
| /* end confdefs.h.  */
| #if HAVE_DIRENT_H
| #include <dirent.h>
| #endif
| 
| 
| int
| main ()
| {
| static struct dirent ac_aggr;
| if (ac_aggr.d_namlen)
| return 0;
|   ;
|   return 0;
| }
configure:13010: gcc -c -g -O2  conftest.c >&5
conftest.c: In function 'main':
conftest.c:54:20: error: 'struct dirent' has no member named 'd_namlen'; did you mean 'd_name'?
 if (sizeof ac_aggr.d_namlen)
                    ^~~~~~~~
                    d_name
configure:13010: $? = 1
configure: failed program was:
| /* confdefs.h */
| #define PACKAGE_NAME "libedit"
| #define PACKAGE_TARNAME "libedit-20180525"
| #define PACKAGE_VERSION "3.1"
| #define PACKAGE_STRING "libedit 3.1"
| #define PACKAGE_BUGREPORT ""
| #define PACKAGE_URL ""
| #define STDC_HEADERS 1
| #define HAVE_SYS_TYPES_H 1
| #define HAVE_SYS_STAT_H 1
| #define HAVE_STDLIB_H 1
| #define HAVE_STRING_H 1
| #define HAVE_MEMORY_H 1
| #define HAVE_STRINGS_H 1
| #define HAVE_INTTYPES_H 1
| #define HAVE_STDINT_H 1
| #define HAVE_UNISTD_H 1
| #define __EXTENSIONS__ 1
| #define _ALL_SOURCE 1
| #define _GNU_SOURCE 1
| #define _POSIX_PTHREAD_SEMANTICS 1
| #define _TANDEM_SOURCE 1
| #define PACKAGE "libedit-20180525"
| #define VERSION "3.1"
| #define HAVE_DLFCN_H 1
| #define LT_OBJDIR ".libs/"
| #define HAVE_LIBNCURSES 1
| #define HAVE_DIRENT_H 1
| #define STDC_HEADERS 1
| #define HAVE_SYS_WAIT_H 1
| #define HAVE_FCNTL_H 1
| #define HAVE_LIMITS_H 1
| #define HAVE_MALLOC_H 1
| #define HAVE_STDLIB_H 1
| #define HAVE_STRING_H 1
| #define HAVE_SYS_IOCTL_H 1
| #define HAVE_SYS_PARAM_H 1
| #define HAVE_UNISTD_H 1
| #define HAVE_CURSES_H 1
| #define HAVE_NCURSES_H 1
| #define HAVE_SYS_CDEFS_H 1
| #define HAVE_TERMCAP_H 1
| #define HAVE_TERM_H 1
| /* end confdefs.h.  */
| #if HAVE_DIRENT_H
| #include <dirent.h>
| #endif
| 
| 
| int
| main ()
| {
| static struct dirent ac_aggr;
| if (sizeof ac_aggr.d_namlen)
| return 0;
|   ;
|   return 0;
| }
configure:13010: result: no
configure:13023: checking for an ANSI C-conforming const
configure:13089: gcc -c -g -O2  conftest.c >&5
configure:13089: $? = 0
configure:13096: result: yes
configure:13104: checking for pid_t
configure:13104: gcc -c -g -O2  conftest.c >&5
configure:13104: $? = 0
configure:13104: gcc -c -g -O2  conftest.c >&5
conftest.c: In function 'main':
conftest.c:81:20: error: expected expression before ')' token
 if (sizeof ((pid_t)))
                    ^
configure:13104: $? = 1
configure: failed program was:
| /* confdefs.h */
| #define PACKAGE_NAME "libedit"
| #define PACKAGE_TARNAME "libedit-20180525"
| #define PACKAGE_VERSION "3.1"
| #define PACKAGE_STRING "libedit 3.1"
| #define PACKAGE_BUGREPORT ""
| #define PACKAGE_URL ""
| #define STDC_HEADERS 1
| #define HAVE_SYS_TYPES_H 1
| #define HAVE_SYS_STAT_H 1
| #define HAVE_STDLIB_H 1
| #define HAVE_STRING_H 1
| #define HAVE_MEMORY_H 1
| #define HAVE_STRINGS_H 1
| #define HAVE_INTTYPES_H 1
| #define HAVE_STDINT_H 1
| #define HAVE_UNISTD_H 1
| #define __EXTENSIONS__ 1
| #define _ALL_SOURCE 1
| #define _GNU_SOURCE 1
| #define _POSIX_PTHREAD_SEMANTICS 1
| #define _TANDEM_SOURCE 1
| #define PACKAGE "libedit-20180525"
| #define VERSION "3.1"
| #define HAVE_DLFCN_H 1
| #define LT_OBJDIR ".libs/"
| #define HAVE_LIBNCURSES 1
| #define HAVE_DIRENT_H 1
| #define STDC_HEADERS 1
| #define HAVE_SYS_WAIT_H 1
| #define HAVE_FCNTL_H 1
| #define HAVE_LIMITS_H 1
| #define HAVE_MALLOC_H 1
| #define HAVE_STDLIB_H 1
| #define HAVE_STRING_H 1
| #define HAVE_SYS_IOCTL_H 1
| #define HAVE_SYS_PARAM_H 1
| #define HAVE_UNISTD_H 1
| #define HAVE_CURSES_H 1
| #define HAVE_NCURSES_H 1
| #define HAVE_SYS_CDEFS_H 1
| #define HAVE_TERMCAP_H 1
| #define HAVE_TERM_H 1
| /* end confdefs.h.  */
| #include <stdio.h>
| #ifdef HAVE_SYS_TYPES_H
| # include <sys/types.h>
| #endif
| #ifdef HAVE_SYS_STAT_H
| # include <sys/stat.h>
| #endif
| #ifdef STDC_HEADERS
| # include <stdlib.h>
| # include <stddef.h>
| #else
| # ifdef HAVE_STDLIB_H
| #  include <stdlib.h>
| # endif
| #endif
| #ifdef HAVE_STRING_H
| # if !defined STDC_HEADERS && defined HAVE_MEMORY_H
| #  include <memory.h>
| # endif
| # include <string.h>
| #endif
| #ifdef HAVE_STRINGS_H
| # include <strings.h>
| #endif
| #ifdef HAVE_INTTYPES_H
| # include <inttypes.h>
| #endif
| #ifdef HAVE_STDINT_H
| # include <stdint.h>
| #endif
| #ifdef HAVE_UNISTD_H
| # include <unistd.h>
| #endif
| int
| main ()
| {
| if (sizeof ((pid_t)))
| 	    return 0;
|   ;
|   return 0;
| }
configure:13104: result: yes
configure:13115: checking for size_t
configure:13115: gcc -c -g -O2  conftest.c >&5
configure:13115: $? = 0
configure:13115: gcc -c -g -O2  conftest.c >&5
conftest.c: In function 'main':
conftest.c:81:21: error: expected expression before ')' token
 if (sizeof ((size_t)))
                     ^
configure:13115: $? = 1
configure: failed program was:
| /* confdefs.h */
| #define PACKAGE_NAME "libedit"
| #define PACKAGE_TARNAME "libedit-20180525"
| #define PACKAGE_VERSION "3.1"
| #define PACKAGE_STRING "libedit 3.1"
| #define PACKAGE_BUGREPORT ""
| #define PACKAGE_URL ""
| #define STDC_HEADERS 1
| #define HAVE_SYS_TYPES_H 1
| #define HAVE_SYS_STAT_H 1
| #define HAVE_STDLIB_H 1
| #define HAVE_STRING_H 1
| #define HAVE_MEMORY_H 1
| #define HAVE_STRINGS_H 1
| #define HAVE_INTTYPES_H 1
| #define HAVE_STDINT_H 1
| #define HAVE_UNISTD_H 1
| #define __EXTENSIONS__ 1
| #define _ALL_SOURCE 1
| #define _GNU_SOURCE 1
| #define _POSIX_PTHREAD_SEMANTICS 1
| #define _TANDEM_SOURCE 1
| #define PACKAGE "libedit-20180525"
| #define VERSION "3.1"
| #define HAVE_DLFCN_H 1
| #define LT_OBJDIR ".libs/"
| #define HAVE_LIBNCURSES 1
| #define HAVE_DIRENT_H 1
| #define STDC_HEADERS 1
| #define HAVE_SYS_WAIT_H 1
| #define HAVE_FCNTL_H 1
| #define HAVE_LIMITS_H 1
| #define HAVE_MALLOC_H 1
| #define HAVE_STDLIB_H 1
| #define HAVE_STRING_H 1
| #define HAVE_SYS_IOCTL_H 1
| #define HAVE_SYS_PARAM_H 1
| #define HAVE_UNISTD_H 1
| #define HAVE_CURSES_H 1
| #define HAVE_NCURSES_H 1
| #define HAVE_SYS_CDEFS_H 1
| #define HAVE_TERMCAP_H 1
| #define HAVE_TERM_H 1
| /* end confdefs.h.  */
| #include <stdio.h>
| #ifdef HAVE_SYS_TYPES_H
| # include <sys/types.h>
| #endif
| #ifdef HAVE_SYS_STAT_H
| # include <sys/stat.h>
| #endif
| #ifdef STDC_HEADERS
| # include <stdlib.h>
| # include <stddef.h>
| #else
| # ifdef HAVE_STDLIB_H
| #  include <stdlib.h>
| # endif
| #endif
| #ifdef HAVE_STRING_H
| # if !defined STDC_HEADERS && defined HAVE_MEMORY_H
| #  include <memory.h>
| # endif
| # include <string.h>
| #endif
| #ifdef HAVE_STRINGS_H
| # include <strings.h>
| #endif
| #ifdef HAVE_INTTYPES_H
| # include <inttypes.h>
| #endif
| #ifdef HAVE_STDINT_H
| # include <stdint.h>
| #endif
| #ifdef HAVE_UNISTD_H
| # include <unistd.h>
| #endif
| int
| main ()
| {
| if (sizeof ((size_t)))
| 	    return 0;
|   ;
|   return 0;
| }
configure:13115: result: yes
configure:13126: checking for u_int32_t
configure:13126: gcc -c -g -O2  conftest.c >&5
configure:13126: $? = 0
configure:13126: gcc -c -g -O2  conftest.c >&5
conftest.c: In function 'main':
conftest.c:81:24: error: expected expression before ')' token
 if (sizeof ((u_int32_t)))
                        ^
configure:13126: $? = 1
configure: failed program was:
| /* confdefs.h */
| #define PACKAGE_NAME "libedit"
| #define PACKAGE_TARNAME "libedit-20180525"
| #define PACKAGE_VERSION "3.1"
| #define PACKAGE_STRING "libedit 3.1"
| #define PACKAGE_BUGREPORT ""
| #define PACKAGE_URL ""
| #define STDC_HEADERS 1
| #define HAVE_SYS_TYPES_H 1
| #define HAVE_SYS_STAT_H 1
| #define HAVE_STDLIB_H 1
| #define HAVE_STRING_H 1
| #define HAVE_MEMORY_H 1
| #define HAVE_STRINGS_H 1
| #define HAVE_INTTYPES_H 1
| #define HAVE_STDINT_H 1
| #define HAVE_UNISTD_H 1
| #define __EXTENSIONS__ 1
| #define _ALL_SOURCE 1
| #define _GNU_SOURCE 1
| #define _POSIX_PTHREAD_SEMANTICS 1
| #define _TANDEM_SOURCE 1
| #define PACKAGE "libedit-20180525"
| #define VERSION "3.1"
| #define HAVE_DLFCN_H 1
| #define LT_OBJDIR ".libs/"
| #define HAVE_LIBNCURSES 1
| #define HAVE_DIRENT_H 1
| #define STDC_HEADERS 1
| #define HAVE_SYS_WAIT_H 1
| #define HAVE_FCNTL_H 1
| #define HAVE_LIMITS_H 1
| #define HAVE_MALLOC_H 1
| #define HAVE_STDLIB_H 1
| #define HAVE_STRING_H 1
| #define HAVE_SYS_IOCTL_H 1
| #define HAVE_SYS_PARAM_H 1
| #define HAVE_UNISTD_H 1
| #define HAVE_CURSES_H 1
| #define HAVE_NCURSES_H 1
| #define HAVE_SYS_CDEFS_H 1
| #define HAVE_TERMCAP_H 1
| #define HAVE_TERM_H 1
| /* end confdefs.h.  */
| #include <stdio.h>
| #ifdef HAVE_SYS_TYPES_H
| # include <sys/types.h>
| #endif
| #ifdef HAVE_SYS_STAT_H
| # include <sys/stat.h>
| #endif
| #ifdef STDC_HEADERS
| # include <stdlib.h>
| # include <stddef.h>
| #else
| # ifdef HAVE_STDLIB_H
| #  include <stdlib.h>
| # endif
| #endif
| #ifdef HAVE_STRING_H
| # if !defined STDC_HEADERS && defined HAVE_MEMORY_H
| #  include <memory.h>
| # endif
| # include <string.h>
| #endif
| #ifdef HAVE_STRINGS_H
| # include <strings.h>
| #endif
| #ifdef HAVE_INTTYPES_H
| # include <inttypes.h>
| #endif
| #ifdef HAVE_STDINT_H
| # include <stdint.h>
| #endif
| #ifdef HAVE_UNISTD_H
| # include <unistd.h>
| #endif
| int
| main ()
| {
| if (sizeof ((u_int32_t)))
| 	    return 0;
|   ;
|   return 0;
| }
configure:13126: result: yes
configure:13138: checking whether closedir returns void
configure:13162: gcc -o conftest -g -O2   conftest.c -lncurses  >&5
configure:13162: $? = 0
configure:13162: ./conftest
configure:13162: $? = 0
configure:13172: result: no
configure:13182: checking vfork.h usability
configure:13182: gcc -c -g -O2  conftest.c >&5
conftest.c:79:10: fatal error: vfork.h: No such file or directory
 #include <vfork.h>
          ^~~~~~~~~
compilation terminated.
configure:13182: $? = 1
configure: failed program was:
| /* confdefs.h */
| #define PACKAGE_NAME "libedit"
| #define PACKAGE_TARNAME "libedit-20180525"
| #define PACKAGE_VERSION "3.1"
| #define PACKAGE_STRING "libedit 3.1"
| #define PACKAGE_BUGREPORT ""
| #define PACKAGE_URL ""
| #define STDC_HEADERS 1
| #define HAVE_SYS_TYPES_H 1
| #define HAVE_SYS_STAT_H 1
| #define HAVE_STDLIB_H 1
| #define HAVE_STRING_H 1
| #define HAVE_MEMORY_H 1
| #define HAVE_STRINGS_H 1
| #define HAVE_INTTYPES_H 1
| #define HAVE_STDINT_H 1
| #define HAVE_UNISTD_H 1
| #define __EXTENSIONS__ 1
| #define _ALL_SOURCE 1
| #define _GNU_SOURCE 1
| #define _POSIX_PTHREAD_SEMANTICS 1
| #define _TANDEM_SOURCE 1
| #define PACKAGE "libedit-20180525"
| #define VERSION "3.1"
| #define HAVE_DLFCN_H 1
| #define LT_OBJDIR ".libs/"
| #define HAVE_LIBNCURSES 1
| #define HAVE_DIRENT_H 1
| #define STDC_HEADERS 1
| #define HAVE_SYS_WAIT_H 1
| #define HAVE_FCNTL_H 1
| #define HAVE_LIMITS_H 1
| #define HAVE_MALLOC_H 1
| #define HAVE_STDLIB_H 1
| #define HAVE_STRING_H 1
| #define HAVE_SYS_IOCTL_H 1
| #define HAVE_SYS_PARAM_H 1
| #define HAVE_UNISTD_H 1
| #define HAVE_CURSES_H 1
| #define HAVE_NCURSES_H 1
| #define HAVE_SYS_CDEFS_H 1
| #define HAVE_TERMCAP_H 1
| #define HAVE_TERM_H 1
| #define HAVE_U_INT32_T 1
| /* end confdefs.h.  */
| #include <stdio.h>
| #ifdef HAVE_SYS_TYPES_H
| # include <sys/types.h>
| #endif
| #ifdef HAVE_SYS_STAT_H
| # include <sys/stat.h>
| #endif
| #ifdef STDC_HEADERS
| # include <stdlib.h>
| # include <stddef.h>
| #else
| # ifdef HAVE_STDLIB_H
| #  include <stdlib.h>
| # endif
| #endif
| #ifdef HAVE_STRING_H
| # if !defined STDC_HEADERS && defined HAVE_MEMORY_H
| #  include <memory.h>
| # endif
| # include <string.h>
| #endif
| #ifdef HAVE_STRINGS_H
| # include <strings.h>
| #endif
| #ifdef HAVE_INTTYPES_H
| # include <inttypes.h>
| #endif
| #ifdef HAVE_STDINT_H
| # include <stdint.h>
| #endif
| #ifdef HAVE_UNISTD_H
| # include <unistd.h>
| #endif
| #include <vfork.h>
configure:13182: result: no
configure:13182: checking vfork.h presence
configure:13182: gcc -E  conftest.c
conftest.c:46:10: fatal error: vfork.h: No such file or directory
 #include <vfork.h>
          ^~~~~~~~~
compilation terminated.
configure:13182: $? = 1
configure: failed program was:
| /* confdefs.h */
| #define PACKAGE_NAME "libedit"
| #define PACKAGE_TARNAME "libedit-20180525"
| #define PACKAGE_VERSION "3.1"
| #define PACKAGE_STRING "libedit 3.1"
| #define PACKAGE_BUGREPORT ""
| #define PACKAGE_URL ""
| #define STDC_HEADERS 1
| #define HAVE_SYS_TYPES_H 1
| #define HAVE_SYS_STAT_H 1
| #define HAVE_STDLIB_H 1
| #define HAVE_STRING_H 1
| #define HAVE_MEMORY_H 1
| #define HAVE_STRINGS_H 1
| #define HAVE_INTTYPES_H 1
| #define HAVE_STDINT_H 1
| #define HAVE_UNISTD_H 1
| #define __EXTENSIONS__ 1
| #define _ALL_SOURCE 1
| #define _GNU_SOURCE 1
| #define _POSIX_PTHREAD_SEMANTICS 1
| #define _TANDEM_SOURCE 1
| #define PACKAGE "libedit-20180525"
| #define VERSION "3.1"
| #define HAVE_DLFCN_H 1
| #define LT_OBJDIR ".libs/"
| #define HAVE_LIBNCURSES 1
| #define HAVE_DIRENT_H 1
| #define STDC_HEADERS 1
| #define HAVE_SYS_WAIT_H 1
| #define HAVE_FCNTL_H 1
| #define HAVE_LIMITS_H 1
| #define HAVE_MALLOC_H 1
| #define HAVE_STDLIB_H 1
| #define HAVE_STRING_H 1
| #define HAVE_SYS_IOCTL_H 1
| #define HAVE_SYS_PARAM_H 1
| #define HAVE_UNISTD_H 1
| #define HAVE_CURSES_H 1
| #define HAVE_NCURSES_H 1
| #define HAVE_SYS_CDEFS_H 1
| #define HAVE_TERMCAP_H 1
| #define HAVE_TERM_H 1
| #define HAVE_U_INT32_T 1
| /* end confdefs.h.  */
| #include <vfork.h>
configure:13182: result: no
configure:13182: checking for vfork.h
configure:13182: result: no
configure:13195: checking for fork
configure:13195: gcc -o conftest -g -O2   conftest.c -lncurses  >&5
conftest.c:69:6: warning: conflicting types for built-in function 'fork' [-Wbuiltin-declaration-mismatch]
 char fork ();
      ^~~~
configure:13195: $? = 0
configure:13195: result: yes
configure:13195: checking for vfork
configure:13195: gcc -o conftest -g -O2   conftest.c -lncurses  >&5
configure:13195: $? = 0
configure:13195: result: yes
configure:13205: checking for working fork
configure:13227: gcc -o conftest -g -O2   conftest.c -lncurses  >&5
configure:13227: $? = 0
configure:13227: ./conftest
configure:13227: $? = 0
configure:13237: result: yes
configure:13258: checking for working vfork
configure:13368: result: yes
configure:13394: checking whether gcc needs -traditional
configure:13428: result: no
configure:13438: checking return type of signal handlers
configure:13456: gcc -c -g -O2  conftest.c >&5
conftest.c: In function 'main':
conftest.c:56:10: error: void value not ignored as it ought to be
 return *(signal (0, 0)) (0) == 1;
         ~^~~~~~~~~~~~~~~~~~
configure:13456: $? = 1
configure: failed program was:
| /* confdefs.h */
| #define PACKAGE_NAME "libedit"
| #define PACKAGE_TARNAME "libedit-20180525"
| #define PACKAGE_VERSION "3.1"
| #define PACKAGE_STRING "libedit 3.1"
| #define PACKAGE_BUGREPORT ""
| #define PACKAGE_URL ""
| #define STDC_HEADERS 1
| #define HAVE_SYS_TYPES_H 1
| #define HAVE_SYS_STAT_H 1
| #define HAVE_STDLIB_H 1
| #define HAVE_STRING_H 1
| #define HAVE_MEMORY_H 1
| #define HAVE_STRINGS_H 1
| #define HAVE_INTTYPES_H 1
| #define HAVE_STDINT_H 1
| #define HAVE_UNISTD_H 1
| #define __EXTENSIONS__ 1
| #define _ALL_SOURCE 1
| #define _GNU_SOURCE 1
| #define _POSIX_PTHREAD_SEMANTICS 1
| #define _TANDEM_SOURCE 1
| #define PACKAGE "libedit-20180525"
| #define VERSION "3.1"
| #define HAVE_DLFCN_H 1
| #define LT_OBJDIR ".libs/"
| #define HAVE_LIBNCURSES 1
| #define HAVE_DIRENT_H 1
| #define STDC_HEADERS 1
| #define HAVE_SYS_WAIT_H 1
| #define HAVE_FCNTL_H 1
| #define HAVE_LIMITS_H 1
| #define HAVE_MALLOC_H 1
| #define HAVE_STDLIB_H 1
| #define HAVE_STRING_H 1
| #define HAVE_SYS_IOCTL_H 1
| #define HAVE_SYS_PARAM_H 1
| #define HAVE_UNISTD_H 1
| #define HAVE_CURSES_H 1
| #define HAVE_NCURSES_H 1
| #define HAVE_SYS_CDEFS_H 1
| #define HAVE_TERMCAP_H 1
| #define HAVE_TERM_H 1
| #define HAVE_U_INT32_T 1
| #define HAVE_FORK 1
| #define HAVE_VFORK 1
| #define HAVE_WORKING_VFORK 1
| #define HAVE_WORKING_FORK 1
| /* end confdefs.h.  */
| #include <sys/types.h>
| #include <signal.h>
| 
| int
| main ()
| {
| return *(signal (0, 0)) (0) == 1;
|   ;
|   return 0;
| }
configure:13463: result: void
configure:13471: checking whether lstat correctly handles trailing slash
configure:13497: gcc -o conftest -g -O2   conftest.c -lncurses  >&5
configure:13497: $? = 0
configure:13497: ./conftest
configure:13497: $? = 0
configure:13514: result: yes
configure:13533: checking whether stat accepts an empty string
configure:13553: gcc -o conftest -g -O2   conftest.c -lncurses  >&5
configure:13553: $? = 0
configure:13553: ./conftest
configure:13553: $? = 0
configure:13563: result: no
configure:13582: checking for endpwent
configure:13582: gcc -o conftest -g -O2   conftest.c -lncurses  >&5
configure:13582: $? = 0
configure:13582: result: yes
configure:13582: checking for isascii
configure:13582: gcc -o conftest -g -O2   conftest.c -lncurses  >&5
conftest.c:76:6: warning: conflicting types for built-in function 'isascii' [-Wbuiltin-declaration-mismatch]
 char isascii ();
      ^~~~~~~
configure:13582: $? = 0
configure:13582: result: yes
configure:13582: checking for memchr
configure:13582: gcc -o conftest -g -O2   conftest.c -lncurses  >&5
conftest.c:77:6: warning: conflicting types for built-in function 'memchr' [-Wbuiltin-declaration-mismatch]
 char memchr ();
      ^~~~~~
configure:13582: $? = 0
configure:13582: result: yes
configure:13582: checking for memset
configure:13582: gcc -o conftest -g -O2   conftest.c -lncurses  >&5
conftest.c:78:6: warning: conflicting types for built-in function 'memset' [-Wbuiltin-declaration-mismatch]
 char memset ();
      ^~~~~~
configure:13582: $? = 0
configure:13582: result: yes
configure:13582: checking for re_comp
configure:13582: gcc -o conftest -g -O2   conftest.c -lncurses  >&5
configure:13582: $? = 0
configure:13582: result: yes
configure:13582: checking for regcomp
configure:13582: gcc -o conftest -g -O2   conftest.c -lncurses  >&5
configure:13582: $? = 0
configure:13582: result: yes
configure:13582: checking for strcasecmp
configure:13582: gcc -o conftest -g -O2   conftest.c -lncurses  >&5
conftest.c:81:6: warning: conflicting types for built-in function 'strcasecmp' [-Wbuiltin-declaration-mismatch]
 char strcasecmp ();
      ^~~~~~~~~~
configure:13582: $? = 0
configure:13582: result: yes
configure:13582: checking for strchr
configure:13582: gcc -o conftest -g -O2   conftest.c -lncurses  >&5
conftest.c:82:6: warning: conflicting types for built-in function 'strchr' [-Wbuiltin-declaration-mismatch]
 char strchr ();
      ^~~~~~
configure:13582: $? = 0
configure:13582: result: yes
configure:13582: checking for strcspn
configure:13582: gcc -o conftest -g -O2   conftest.c -lncurses  >&5
conftest.c:83:6: warning: conflicting types for built-in function 'strcspn' [-Wbuiltin-declaration-mismatch]
 char strcspn ();
      ^~~~~~~
configure:13582: $? = 0
configure:13582: result: yes
configure:13582: checking for strdup
configure:13582: gcc -o conftest -g -O2   conftest.c -lncurses  >&5
conftest.c:84:6: warning: conflicting types for built-in function 'strdup' [-Wbuiltin-declaration-mismatch]
 char strdup ();
      ^~~~~~
configure:13582: $? = 0
configure:13582: result: yes
configure:13582: checking for strerror
configure:13582: gcc -o conftest -g -O2   conftest.c -lncurses  >&5
configure:13582: $? = 0
configure:13582: result: yes
configure:13582: checking for strrchr
configure:13582: gcc -o conftest -g -O2   conftest.c -lncurses  >&5
conftest.c:86:6: warning: conflicting types for built-in function 'strrchr' [-Wbuiltin-declaration-mismatch]
 char strrchr ();
      ^~~~~~~
configure:13582: $? = 0
configure:13582: result: yes
configure:13582: checking for strstr
configure:13582: gcc -o conftest -g -O2   conftest.c -lncurses  >&5
conftest.c:87:6: warning: conflicting types for built-in function 'strstr' [-Wbuiltin-declaration-mismatch]
 char strstr ();
      ^~~~~~
configure:13582: $? = 0
configure:13582: result: yes
configure:13582: checking for strtol
configure:13582: gcc -o conftest -g -O2   conftest.c -lncurses  >&5
configure:13582: $? = 0
configure:13582: result: yes
configure:13582: checking for issetugid
configure:13582: gcc -o conftest -g -O2   conftest.c -lncurses  >&5
/tmp/ccJM3GQK.o: In function `main':
/home/ec2-user/environment/blog/libedit-20180525-3.1/libedit-20180525-3.1/conftest.c:100: undefined reference to `issetugid'
collect2: error: ld returned 1 exit status
configure:13582: $? = 1
configure: failed program was:
| /* confdefs.h */
| #define PACKAGE_NAME "libedit"
| #define PACKAGE_TARNAME "libedit-20180525"
| #define PACKAGE_VERSION "3.1"
| #define PACKAGE_STRING "libedit 3.1"
| #define PACKAGE_BUGREPORT ""
| #define PACKAGE_URL ""
| #define STDC_HEADERS 1
| #define HAVE_SYS_TYPES_H 1
| #define HAVE_SYS_STAT_H 1
| #define HAVE_STDLIB_H 1
| #define HAVE_STRING_H 1
| #define HAVE_MEMORY_H 1
| #define HAVE_STRINGS_H 1
| #define HAVE_INTTYPES_H 1
| #define HAVE_STDINT_H 1
| #define HAVE_UNISTD_H 1
| #define __EXTENSIONS__ 1
| #define _ALL_SOURCE 1
| #define _GNU_SOURCE 1
| #define _POSIX_PTHREAD_SEMANTICS 1
| #define _TANDEM_SOURCE 1
| #define PACKAGE "libedit-20180525"
| #define VERSION "3.1"
| #define HAVE_DLFCN_H 1
| #define LT_OBJDIR ".libs/"
| #define HAVE_LIBNCURSES 1
| #define HAVE_DIRENT_H 1
| #define STDC_HEADERS 1
| #define HAVE_SYS_WAIT_H 1
| #define HAVE_FCNTL_H 1
| #define HAVE_LIMITS_H 1
| #define HAVE_MALLOC_H 1
| #define HAVE_STDLIB_H 1
| #define HAVE_STRING_H 1
| #define HAVE_SYS_IOCTL_H 1
| #define HAVE_SYS_PARAM_H 1
| #define HAVE_UNISTD_H 1
| #define HAVE_CURSES_H 1
| #define HAVE_NCURSES_H 1
| #define HAVE_SYS_CDEFS_H 1
| #define HAVE_TERMCAP_H 1
| #define HAVE_TERM_H 1
| #define HAVE_U_INT32_T 1
| #define HAVE_FORK 1
| #define HAVE_VFORK 1
| #define HAVE_WORKING_VFORK 1
| #define HAVE_WORKING_FORK 1
| #define RETSIGTYPE void
| #define LSTAT_FOLLOWS_SLASHED_SYMLINK 1
| #define HAVE_ENDPWENT 1
| #define HAVE_ISASCII 1
| #define HAVE_MEMCHR 1
| #define HAVE_MEMSET 1
| #define HAVE_RE_COMP 1
| #define HAVE_REGCOMP 1
| #define HAVE_STRCASECMP 1
| #define HAVE_STRCHR 1
| #define HAVE_STRCSPN 1
| #define HAVE_STRDUP 1
| #define HAVE_STRERROR 1
| #define HAVE_STRRCHR 1
| #define HAVE_STRSTR 1
| #define HAVE_STRTOL 1
| /* end confdefs.h.  */
| /* Define issetugid to an innocuous variant, in case <limits.h> declares issetugid.
|    For example, HP-UX 11i <limits.h> declares gettimeofday.  */
| #define issetugid innocuous_issetugid
| 
| /* System header to define __stub macros and hopefully few prototypes,
|     which can conflict with char issetugid (); below.
|     Prefer <limits.h> to <assert.h> if __STDC__ is defined, since
|     <limits.h> exists even on freestanding compilers.  */
| 
| #ifdef __STDC__
| # include <limits.h>
| #else
| # include <assert.h>
| #endif
| 
| #undef issetugid
| 
| /* Override any GCC internal prototype to avoid an error.
|    Use char because int might match the return type of a GCC
|    builtin and then its argument prototype would still apply.  */
| #ifdef __cplusplus
| extern "C"
| #endif
| char issetugid ();
| /* The GNU C library defines this for functions which it implements
|     to always fail with ENOSYS.  Some functions are actually named
|     something starting with __ and the normal name is an alias.  */
| #if defined __stub_issetugid || defined __stub___issetugid
| choke me
| #endif
| 
| int
| main ()
| {
| return issetugid ();
|   ;
|   return 0;
| }
configure:13582: result: no
configure:13582: checking for wcsdup
configure:13582: gcc -o conftest -g -O2   conftest.c -lncurses  >&5
configure:13582: $? = 0
configure:13582: result: yes
configure:13582: checking for strlcpy
configure:13582: gcc -o conftest -g -O2   conftest.c -lncurses  >&5
/tmp/ccivDTsZ.o: In function `main':
/home/ec2-user/environment/blog/libedit-20180525-3.1/libedit-20180525-3.1/conftest.c:101: undefined reference to `strlcpy'
collect2: error: ld returned 1 exit status
configure:13582: $? = 1
configure: failed program was:
| /* confdefs.h */
| #define PACKAGE_NAME "libedit"
| #define PACKAGE_TARNAME "libedit-20180525"
| #define PACKAGE_VERSION "3.1"
| #define PACKAGE_STRING "libedit 3.1"
| #define PACKAGE_BUGREPORT ""
| #define PACKAGE_URL ""
| #define STDC_HEADERS 1
| #define HAVE_SYS_TYPES_H 1
| #define HAVE_SYS_STAT_H 1
| #define HAVE_STDLIB_H 1
| #define HAVE_STRING_H 1
| #define HAVE_MEMORY_H 1
| #define HAVE_STRINGS_H 1
| #define HAVE_INTTYPES_H 1
| #define HAVE_STDINT_H 1
| #define HAVE_UNISTD_H 1
| #define __EXTENSIONS__ 1
| #define _ALL_SOURCE 1
| #define _GNU_SOURCE 1
| #define _POSIX_PTHREAD_SEMANTICS 1
| #define _TANDEM_SOURCE 1
| #define PACKAGE "libedit-20180525"
| #define VERSION "3.1"
| #define HAVE_DLFCN_H 1
| #define LT_OBJDIR ".libs/"
| #define HAVE_LIBNCURSES 1
| #define HAVE_DIRENT_H 1
| #define STDC_HEADERS 1
| #define HAVE_SYS_WAIT_H 1
| #define HAVE_FCNTL_H 1
| #define HAVE_LIMITS_H 1
| #define HAVE_MALLOC_H 1
| #define HAVE_STDLIB_H 1
| #define HAVE_STRING_H 1
| #define HAVE_SYS_IOCTL_H 1
| #define HAVE_SYS_PARAM_H 1
| #define HAVE_UNISTD_H 1
| #define HAVE_CURSES_H 1
| #define HAVE_NCURSES_H 1
| #define HAVE_SYS_CDEFS_H 1
| #define HAVE_TERMCAP_H 1
| #define HAVE_TERM_H 1
| #define HAVE_U_INT32_T 1
| #define HAVE_FORK 1
| #define HAVE_VFORK 1
| #define HAVE_WORKING_VFORK 1
| #define HAVE_WORKING_FORK 1
| #define RETSIGTYPE void
| #define LSTAT_FOLLOWS_SLASHED_SYMLINK 1
| #define HAVE_ENDPWENT 1
| #define HAVE_ISASCII 1
| #define HAVE_MEMCHR 1
| #define HAVE_MEMSET 1
| #define HAVE_RE_COMP 1
| #define HAVE_REGCOMP 1
| #define HAVE_STRCASECMP 1
| #define HAVE_STRCHR 1
| #define HAVE_STRCSPN 1
| #define HAVE_STRDUP 1
| #define HAVE_STRERROR 1
| #define HAVE_STRRCHR 1
| #define HAVE_STRSTR 1
| #define HAVE_STRTOL 1
| #define HAVE_WCSDUP 1
| /* end confdefs.h.  */
| /* Define strlcpy to an innocuous variant, in case <limits.h> declares strlcpy.
|    For example, HP-UX 11i <limits.h> declares gettimeofday.  */
| #define strlcpy innocuous_strlcpy
| 
| /* System header to define __stub macros and hopefully few prototypes,
|     which can conflict with char strlcpy (); below.
|     Prefer <limits.h> to <assert.h> if __STDC__ is defined, since
|     <limits.h> exists even on freestanding compilers.  */
| 
| #ifdef __STDC__
| # include <limits.h>
| #else
| # include <assert.h>
| #endif
| 
| #undef strlcpy
| 
| /* Override any GCC internal prototype to avoid an error.
|    Use char because int might match the return type of a GCC
|    builtin and then its argument prototype would still apply.  */
| #ifdef __cplusplus
| extern "C"
| #endif
| char strlcpy ();
| /* The GNU C library defines this for functions which it implements
|     to always fail with ENOSYS.  Some functions are actually named
|     something starting with __ and the normal name is an alias.  */
| #if defined __stub_strlcpy || defined __stub___strlcpy
| choke me
| #endif
| 
| int
| main ()
| {
| return strlcpy ();
|   ;
|   return 0;
| }
configure:13582: result: no
configure:13582: checking for strlcat
configure:13582: gcc -o conftest -g -O2   conftest.c -lncurses  >&5
/tmp/ccsCYwv7.o: In function `main':
/home/ec2-user/environment/blog/libedit-20180525-3.1/libedit-20180525-3.1/conftest.c:101: undefined reference to `strlcat'
collect2: error: ld returned 1 exit status
configure:13582: $? = 1
configure: failed program was:
| /* confdefs.h */
| #define PACKAGE_NAME "libedit"
| #define PACKAGE_TARNAME "libedit-20180525"
| #define PACKAGE_VERSION "3.1"
| #define PACKAGE_STRING "libedit 3.1"
| #define PACKAGE_BUGREPORT ""
| #define PACKAGE_URL ""
| #define STDC_HEADERS 1
| #define HAVE_SYS_TYPES_H 1
| #define HAVE_SYS_STAT_H 1
| #define HAVE_STDLIB_H 1
| #define HAVE_STRING_H 1
| #define HAVE_MEMORY_H 1
| #define HAVE_STRINGS_H 1
| #define HAVE_INTTYPES_H 1
| #define HAVE_STDINT_H 1
| #define HAVE_UNISTD_H 1
| #define __EXTENSIONS__ 1
| #define _ALL_SOURCE 1
| #define _GNU_SOURCE 1
| #define _POSIX_PTHREAD_SEMANTICS 1
| #define _TANDEM_SOURCE 1
| #define PACKAGE "libedit-20180525"
| #define VERSION "3.1"
| #define HAVE_DLFCN_H 1
| #define LT_OBJDIR ".libs/"
| #define HAVE_LIBNCURSES 1
| #define HAVE_DIRENT_H 1
| #define STDC_HEADERS 1
| #define HAVE_SYS_WAIT_H 1
| #define HAVE_FCNTL_H 1
| #define HAVE_LIMITS_H 1
| #define HAVE_MALLOC_H 1
| #define HAVE_STDLIB_H 1
| #define HAVE_STRING_H 1
| #define HAVE_SYS_IOCTL_H 1
| #define HAVE_SYS_PARAM_H 1
| #define HAVE_UNISTD_H 1
| #define HAVE_CURSES_H 1
| #define HAVE_NCURSES_H 1
| #define HAVE_SYS_CDEFS_H 1
| #define HAVE_TERMCAP_H 1
| #define HAVE_TERM_H 1
| #define HAVE_U_INT32_T 1
| #define HAVE_FORK 1
| #define HAVE_VFORK 1
| #define HAVE_WORKING_VFORK 1
| #define HAVE_WORKING_FORK 1
| #define RETSIGTYPE void
| #define LSTAT_FOLLOWS_SLASHED_SYMLINK 1
| #define HAVE_ENDPWENT 1
| #define HAVE_ISASCII 1
| #define HAVE_MEMCHR 1
| #define HAVE_MEMSET 1
| #define HAVE_RE_COMP 1
| #define HAVE_REGCOMP 1
| #define HAVE_STRCASECMP 1
| #define HAVE_STRCHR 1
| #define HAVE_STRCSPN 1
| #define HAVE_STRDUP 1
| #define HAVE_STRERROR 1
| #define HAVE_STRRCHR 1
| #define HAVE_STRSTR 1
| #define HAVE_STRTOL 1
| #define HAVE_WCSDUP 1
| /* end confdefs.h.  */
| /* Define strlcat to an innocuous variant, in case <limits.h> declares strlcat.
|    For example, HP-UX 11i <limits.h> declares gettimeofday.  */
| #define strlcat innocuous_strlcat
| 
| /* System header to define __stub macros and hopefully few prototypes,
|     which can conflict with char strlcat (); below.
|     Prefer <limits.h> to <assert.h> if __STDC__ is defined, since
|     <limits.h> exists even on freestanding compilers.  */
| 
| #ifdef __STDC__
| # include <limits.h>
| #else
| # include <assert.h>
| #endif
| 
| #undef strlcat
| 
| /* Override any GCC internal prototype to avoid an error.
|    Use char because int might match the return type of a GCC
|    builtin and then its argument prototype would still apply.  */
| #ifdef __cplusplus
| extern "C"
| #endif
| char strlcat ();
| /* The GNU C library defines this for functions which it implements
|     to always fail with ENOSYS.  Some functions are actually named
|     something starting with __ and the normal name is an alias.  */
| #if defined __stub_strlcat || defined __stub___strlcat
| choke me
| #endif
| 
| int
| main ()
| {
| return strlcat ();
|   ;
|   return 0;
| }
configure:13582: result: no
configure:13582: checking for getline
configure:13582: gcc -o conftest -g -O2   conftest.c -lncurses  >&5
configure:13582: $? = 0
configure:13582: result: yes
configure:13582: checking for vis
configure:13582: gcc -o conftest -g -O2   conftest.c -lncurses  >&5
/tmp/ccZ5H3xm.o: In function `main':
/home/ec2-user/environment/blog/libedit-20180525-3.1/libedit-20180525-3.1/conftest.c:102: undefined reference to `vis'
collect2: error: ld returned 1 exit status
configure:13582: $? = 1
configure: failed program was:
| /* confdefs.h */
| #define PACKAGE_NAME "libedit"
| #define PACKAGE_TARNAME "libedit-20180525"
| #define PACKAGE_VERSION "3.1"
| #define PACKAGE_STRING "libedit 3.1"
| #define PACKAGE_BUGREPORT ""
| #define PACKAGE_URL ""
| #define STDC_HEADERS 1
| #define HAVE_SYS_TYPES_H 1
| #define HAVE_SYS_STAT_H 1
| #define HAVE_STDLIB_H 1
| #define HAVE_STRING_H 1
| #define HAVE_MEMORY_H 1
| #define HAVE_STRINGS_H 1
| #define HAVE_INTTYPES_H 1
| #define HAVE_STDINT_H 1
| #define HAVE_UNISTD_H 1
| #define __EXTENSIONS__ 1
| #define _ALL_SOURCE 1
| #define _GNU_SOURCE 1
| #define _POSIX_PTHREAD_SEMANTICS 1
| #define _TANDEM_SOURCE 1
| #define PACKAGE "libedit-20180525"
| #define VERSION "3.1"
| #define HAVE_DLFCN_H 1
| #define LT_OBJDIR ".libs/"
| #define HAVE_LIBNCURSES 1
| #define HAVE_DIRENT_H 1
| #define STDC_HEADERS 1
| #define HAVE_SYS_WAIT_H 1
| #define HAVE_FCNTL_H 1
| #define HAVE_LIMITS_H 1
| #define HAVE_MALLOC_H 1
| #define HAVE_STDLIB_H 1
| #define HAVE_STRING_H 1
| #define HAVE_SYS_IOCTL_H 1
| #define HAVE_SYS_PARAM_H 1
| #define HAVE_UNISTD_H 1
| #define HAVE_CURSES_H 1
| #define HAVE_NCURSES_H 1
| #define HAVE_SYS_CDEFS_H 1
| #define HAVE_TERMCAP_H 1
| #define HAVE_TERM_H 1
| #define HAVE_U_INT32_T 1
| #define HAVE_FORK 1
| #define HAVE_VFORK 1
| #define HAVE_WORKING_VFORK 1
| #define HAVE_WORKING_FORK 1
| #define RETSIGTYPE void
| #define LSTAT_FOLLOWS_SLASHED_SYMLINK 1
| #define HAVE_ENDPWENT 1
| #define HAVE_ISASCII 1
| #define HAVE_MEMCHR 1
| #define HAVE_MEMSET 1
| #define HAVE_RE_COMP 1
| #define HAVE_REGCOMP 1
| #define HAVE_STRCASECMP 1
| #define HAVE_STRCHR 1
| #define HAVE_STRCSPN 1
| #define HAVE_STRDUP 1
| #define HAVE_STRERROR 1
| #define HAVE_STRRCHR 1
| #define HAVE_STRSTR 1
| #define HAVE_STRTOL 1
| #define HAVE_WCSDUP 1
| #define HAVE_GETLINE 1
| /* end confdefs.h.  */
| /* Define vis to an innocuous variant, in case <limits.h> declares vis.
|    For example, HP-UX 11i <limits.h> declares gettimeofday.  */
| #define vis innocuous_vis
| 
| /* System header to define __stub macros and hopefully few prototypes,
|     which can conflict with char vis (); below.
|     Prefer <limits.h> to <assert.h> if __STDC__ is defined, since
|     <limits.h> exists even on freestanding compilers.  */
| 
| #ifdef __STDC__
| # include <limits.h>
| #else
| # include <assert.h>
| #endif
| 
| #undef vis
| 
| /* Override any GCC internal prototype to avoid an error.
|    Use char because int might match the return type of a GCC
|    builtin and then its argument prototype would still apply.  */
| #ifdef __cplusplus
| extern "C"
| #endif
| char vis ();
| /* The GNU C library defines this for functions which it implements
|     to always fail with ENOSYS.  Some functions are actually named
|     something starting with __ and the normal name is an alias.  */
| #if defined __stub_vis || defined __stub___vis
| choke me
| #endif
| 
| int
| main ()
| {
| return vis ();
|   ;
|   return 0;
| }
configure:13582: result: no
configure:13582: checking for strvis
configure:13582: gcc -o conftest -g -O2   conftest.c -lncurses  >&5
/tmp/ccCLIzgt.o: In function `main':
/home/ec2-user/environment/blog/libedit-20180525-3.1/libedit-20180525-3.1/conftest.c:102: undefined reference to `strvis'
collect2: error: ld returned 1 exit status
configure:13582: $? = 1
configure: failed program was:
| /* confdefs.h */
| #define PACKAGE_NAME "libedit"
| #define PACKAGE_TARNAME "libedit-20180525"
| #define PACKAGE_VERSION "3.1"
| #define PACKAGE_STRING "libedit 3.1"
| #define PACKAGE_BUGREPORT ""
| #define PACKAGE_URL ""
| #define STDC_HEADERS 1
| #define HAVE_SYS_TYPES_H 1
| #define HAVE_SYS_STAT_H 1
| #define HAVE_STDLIB_H 1
| #define HAVE_STRING_H 1
| #define HAVE_MEMORY_H 1
| #define HAVE_STRINGS_H 1
| #define HAVE_INTTYPES_H 1
| #define HAVE_STDINT_H 1
| #define HAVE_UNISTD_H 1
| #define __EXTENSIONS__ 1
| #define _ALL_SOURCE 1
| #define _GNU_SOURCE 1
| #define _POSIX_PTHREAD_SEMANTICS 1
| #define _TANDEM_SOURCE 1
| #define PACKAGE "libedit-20180525"
| #define VERSION "3.1"
| #define HAVE_DLFCN_H 1
| #define LT_OBJDIR ".libs/"
| #define HAVE_LIBNCURSES 1
| #define HAVE_DIRENT_H 1
| #define STDC_HEADERS 1
| #define HAVE_SYS_WAIT_H 1
| #define HAVE_FCNTL_H 1
| #define HAVE_LIMITS_H 1
| #define HAVE_MALLOC_H 1
| #define HAVE_STDLIB_H 1
| #define HAVE_STRING_H 1
| #define HAVE_SYS_IOCTL_H 1
| #define HAVE_SYS_PARAM_H 1
| #define HAVE_UNISTD_H 1
| #define HAVE_CURSES_H 1
| #define HAVE_NCURSES_H 1
| #define HAVE_SYS_CDEFS_H 1
| #define HAVE_TERMCAP_H 1
| #define HAVE_TERM_H 1
| #define HAVE_U_INT32_T 1
| #define HAVE_FORK 1
| #define HAVE_VFORK 1
| #define HAVE_WORKING_VFORK 1
| #define HAVE_WORKING_FORK 1
| #define RETSIGTYPE void
| #define LSTAT_FOLLOWS_SLASHED_SYMLINK 1
| #define HAVE_ENDPWENT 1
| #define HAVE_ISASCII 1
| #define HAVE_MEMCHR 1
| #define HAVE_MEMSET 1
| #define HAVE_RE_COMP 1
| #define HAVE_REGCOMP 1
| #define HAVE_STRCASECMP 1
| #define HAVE_STRCHR 1
| #define HAVE_STRCSPN 1
| #define HAVE_STRDUP 1
| #define HAVE_STRERROR 1
| #define HAVE_STRRCHR 1
| #define HAVE_STRSTR 1
| #define HAVE_STRTOL 1
| #define HAVE_WCSDUP 1
| #define HAVE_GETLINE 1
| /* end confdefs.h.  */
| /* Define strvis to an innocuous variant, in case <limits.h> declares strvis.
|    For example, HP-UX 11i <limits.h> declares gettimeofday.  */
| #define strvis innocuous_strvis
| 
| /* System header to define __stub macros and hopefully few prototypes,
|     which can conflict with char strvis (); below.
|     Prefer <limits.h> to <assert.h> if __STDC__ is defined, since
|     <limits.h> exists even on freestanding compilers.  */
| 
| #ifdef __STDC__
| # include <limits.h>
| #else
| # include <assert.h>
| #endif
| 
| #undef strvis
| 
| /* Override any GCC internal prototype to avoid an error.
|    Use char because int might match the return type of a GCC
|    builtin and then its argument prototype would still apply.  */
| #ifdef __cplusplus
| extern "C"
| #endif
| char strvis ();
| /* The GNU C library defines this for functions which it implements
|     to always fail with ENOSYS.  Some functions are actually named
|     something starting with __ and the normal name is an alias.  */
| #if defined __stub_strvis || defined __stub___strvis
| choke me
| #endif
| 
| int
| main ()
| {
| return strvis ();
|   ;
|   return 0;
| }
configure:13582: result: no
configure:13582: checking for strunvis
configure:13582: gcc -o conftest -g -O2   conftest.c -lncurses  >&5
/tmp/cczdkbSA.o: In function `main':
/home/ec2-user/environment/blog/libedit-20180525-3.1/libedit-20180525-3.1/conftest.c:102: undefined reference to `strunvis'
collect2: error: ld returned 1 exit status
configure:13582: $? = 1
configure: failed program was:
| /* confdefs.h */
| #define PACKAGE_NAME "libedit"
| #define PACKAGE_TARNAME "libedit-20180525"
| #define PACKAGE_VERSION "3.1"
| #define PACKAGE_STRING "libedit 3.1"
| #define PACKAGE_BUGREPORT ""
| #define PACKAGE_URL ""
| #define STDC_HEADERS 1
| #define HAVE_SYS_TYPES_H 1
| #define HAVE_SYS_STAT_H 1
| #define HAVE_STDLIB_H 1
| #define HAVE_STRING_H 1
| #define HAVE_MEMORY_H 1
| #define HAVE_STRINGS_H 1
| #define HAVE_INTTYPES_H 1
| #define HAVE_STDINT_H 1
| #define HAVE_UNISTD_H 1
| #define __EXTENSIONS__ 1
| #define _ALL_SOURCE 1
| #define _GNU_SOURCE 1
| #define _POSIX_PTHREAD_SEMANTICS 1
| #define _TANDEM_SOURCE 1
| #define PACKAGE "libedit-20180525"
| #define VERSION "3.1"
| #define HAVE_DLFCN_H 1
| #define LT_OBJDIR ".libs/"
| #define HAVE_LIBNCURSES 1
| #define HAVE_DIRENT_H 1
| #define STDC_HEADERS 1
| #define HAVE_SYS_WAIT_H 1
| #define HAVE_FCNTL_H 1
| #define HAVE_LIMITS_H 1
| #define HAVE_MALLOC_H 1
| #define HAVE_STDLIB_H 1
| #define HAVE_STRING_H 1
| #define HAVE_SYS_IOCTL_H 1
| #define HAVE_SYS_PARAM_H 1
| #define HAVE_UNISTD_H 1
| #define HAVE_CURSES_H 1
| #define HAVE_NCURSES_H 1
| #define HAVE_SYS_CDEFS_H 1
| #define HAVE_TERMCAP_H 1
| #define HAVE_TERM_H 1
| #define HAVE_U_INT32_T 1
| #define HAVE_FORK 1
| #define HAVE_VFORK 1
| #define HAVE_WORKING_VFORK 1
| #define HAVE_WORKING_FORK 1
| #define RETSIGTYPE void
| #define LSTAT_FOLLOWS_SLASHED_SYMLINK 1
| #define HAVE_ENDPWENT 1
| #define HAVE_ISASCII 1
| #define HAVE_MEMCHR 1
| #define HAVE_MEMSET 1
| #define HAVE_RE_COMP 1
| #define HAVE_REGCOMP 1
| #define HAVE_STRCASECMP 1
| #define HAVE_STRCHR 1
| #define HAVE_STRCSPN 1
| #define HAVE_STRDUP 1
| #define HAVE_STRERROR 1
| #define HAVE_STRRCHR 1
| #define HAVE_STRSTR 1
| #define HAVE_STRTOL 1
| #define HAVE_WCSDUP 1
| #define HAVE_GETLINE 1
| /* end confdefs.h.  */
| /* Define strunvis to an innocuous variant, in case <limits.h> declares strunvis.
|    For example, HP-UX 11i <limits.h> declares gettimeofday.  */
| #define strunvis innocuous_strunvis
| 
| /* System header to define __stub macros and hopefully few prototypes,
|     which can conflict with char strunvis (); below.
|     Prefer <limits.h> to <assert.h> if __STDC__ is defined, since
|     <limits.h> exists even on freestanding compilers.  */
| 
| #ifdef __STDC__
| # include <limits.h>
| #else
| # include <assert.h>
| #endif
| 
| #undef strunvis
| 
| /* Override any GCC internal prototype to avoid an error.
|    Use char because int might match the return type of a GCC
|    builtin and then its argument prototype would still apply.  */
| #ifdef __cplusplus
| extern "C"
| #endif
| char strunvis ();
| /* The GNU C library defines this for functions which it implements
|     to always fail with ENOSYS.  Some functions are actually named
|     something starting with __ and the normal name is an alias.  */
| #if defined __stub_strunvis || defined __stub___strunvis
| choke me
| #endif
| 
| int
| main ()
| {
| return strunvis ();
|   ;
|   return 0;
| }
configure:13582: result: no
configure:13582: checking for __secure_getenv
configure:13582: gcc -o conftest -g -O2   conftest.c -lncurses  >&5
/tmp/cc0CBNuI.o: In function `main':
/home/ec2-user/environment/blog/libedit-20180525-3.1/libedit-20180525-3.1/conftest.c:102: undefined reference to `__secure_getenv'
collect2: error: ld returned 1 exit status
configure:13582: $? = 1
configure: failed program was:
| /* confdefs.h */
| #define PACKAGE_NAME "libedit"
| #define PACKAGE_TARNAME "libedit-20180525"
| #define PACKAGE_VERSION "3.1"
| #define PACKAGE_STRING "libedit 3.1"
| #define PACKAGE_BUGREPORT ""
| #define PACKAGE_URL ""
| #define STDC_HEADERS 1
| #define HAVE_SYS_TYPES_H 1
| #define HAVE_SYS_STAT_H 1
| #define HAVE_STDLIB_H 1
| #define HAVE_STRING_H 1
| #define HAVE_MEMORY_H 1
| #define HAVE_STRINGS_H 1
| #define HAVE_INTTYPES_H 1
| #define HAVE_STDINT_H 1
| #define HAVE_UNISTD_H 1
| #define __EXTENSIONS__ 1
| #define _ALL_SOURCE 1
| #define _GNU_SOURCE 1
| #define _POSIX_PTHREAD_SEMANTICS 1
| #define _TANDEM_SOURCE 1
| #define PACKAGE "libedit-20180525"
| #define VERSION "3.1"
| #define HAVE_DLFCN_H 1
| #define LT_OBJDIR ".libs/"
| #define HAVE_LIBNCURSES 1
| #define HAVE_DIRENT_H 1
| #define STDC_HEADERS 1
| #define HAVE_SYS_WAIT_H 1
| #define HAVE_FCNTL_H 1
| #define HAVE_LIMITS_H 1
| #define HAVE_MALLOC_H 1
| #define HAVE_STDLIB_H 1
| #define HAVE_STRING_H 1
| #define HAVE_SYS_IOCTL_H 1
| #define HAVE_SYS_PARAM_H 1
| #define HAVE_UNISTD_H 1
| #define HAVE_CURSES_H 1
| #define HAVE_NCURSES_H 1
| #define HAVE_SYS_CDEFS_H 1
| #define HAVE_TERMCAP_H 1
| #define HAVE_TERM_H 1
| #define HAVE_U_INT32_T 1
| #define HAVE_FORK 1
| #define HAVE_VFORK 1
| #define HAVE_WORKING_VFORK 1
| #define HAVE_WORKING_FORK 1
| #define RETSIGTYPE void
| #define LSTAT_FOLLOWS_SLASHED_SYMLINK 1
| #define HAVE_ENDPWENT 1
| #define HAVE_ISASCII 1
| #define HAVE_MEMCHR 1
| #define HAVE_MEMSET 1
| #define HAVE_RE_COMP 1
| #define HAVE_REGCOMP 1
| #define HAVE_STRCASECMP 1
| #define HAVE_STRCHR 1
| #define HAVE_STRCSPN 1
| #define HAVE_STRDUP 1
| #define HAVE_STRERROR 1
| #define HAVE_STRRCHR 1
| #define HAVE_STRSTR 1
| #define HAVE_STRTOL 1
| #define HAVE_WCSDUP 1
| #define HAVE_GETLINE 1
| /* end confdefs.h.  */
| /* Define __secure_getenv to an innocuous variant, in case <limits.h> declares __secure_getenv.
|    For example, HP-UX 11i <limits.h> declares gettimeofday.  */
| #define __secure_getenv innocuous___secure_getenv
| 
| /* System header to define __stub macros and hopefully few prototypes,
|     which can conflict with char __secure_getenv (); below.
|     Prefer <limits.h> to <assert.h> if __STDC__ is defined, since
|     <limits.h> exists even on freestanding compilers.  */
| 
| #ifdef __STDC__
| # include <limits.h>
| #else
| # include <assert.h>
| #endif
| 
| #undef __secure_getenv
| 
| /* Override any GCC internal prototype to avoid an error.
|    Use char because int might match the return type of a GCC
|    builtin and then its argument prototype would still apply.  */
| #ifdef __cplusplus
| extern "C"
| #endif
| char __secure_getenv ();
| /* The GNU C library defines this for functions which it implements
|     to always fail with ENOSYS.  Some functions are actually named
|     something starting with __ and the normal name is an alias.  */
| #if defined __stub___secure_getenv || defined __stub_____secure_getenv
| choke me
| #endif
| 
| int
| main ()
| {
| return __secure_getenv ();
|   ;
|   return 0;
| }
configure:13582: result: no
configure:13582: checking for secure_getenv
configure:13582: gcc -o conftest -g -O2   conftest.c -lncurses  >&5
configure:13582: $? = 0
configure:13582: result: yes
configure:13593: checking for strlcpy
configure:13593: result: no
configure:13610: checking for strlcat
configure:13610: result: no
configure:13627: checking for vis
configure:13627: result: no
configure:13644: checking for unvis
configure:13644: gcc -o conftest -g -O2   conftest.c -lncurses  >&5
/tmp/cc2185mY.o: In function `main':
/home/ec2-user/environment/blog/libedit-20180525-3.1/libedit-20180525-3.1/conftest.c:103: undefined reference to `unvis'
collect2: error: ld returned 1 exit status
configure:13644: $? = 1
configure: failed program was:
| /* confdefs.h */
| #define PACKAGE_NAME "libedit"
| #define PACKAGE_TARNAME "libedit-20180525"
| #define PACKAGE_VERSION "3.1"
| #define PACKAGE_STRING "libedit 3.1"
| #define PACKAGE_BUGREPORT ""
| #define PACKAGE_URL ""
| #define STDC_HEADERS 1
| #define HAVE_SYS_TYPES_H 1
| #define HAVE_SYS_STAT_H 1
| #define HAVE_STDLIB_H 1
| #define HAVE_STRING_H 1
| #define HAVE_MEMORY_H 1
| #define HAVE_STRINGS_H 1
| #define HAVE_INTTYPES_H 1
| #define HAVE_STDINT_H 1
| #define HAVE_UNISTD_H 1
| #define __EXTENSIONS__ 1
| #define _ALL_SOURCE 1
| #define _GNU_SOURCE 1
| #define _POSIX_PTHREAD_SEMANTICS 1
| #define _TANDEM_SOURCE 1
| #define PACKAGE "libedit-20180525"
| #define VERSION "3.1"
| #define HAVE_DLFCN_H 1
| #define LT_OBJDIR ".libs/"
| #define HAVE_LIBNCURSES 1
| #define HAVE_DIRENT_H 1
| #define STDC_HEADERS 1
| #define HAVE_SYS_WAIT_H 1
| #define HAVE_FCNTL_H 1
| #define HAVE_LIMITS_H 1
| #define HAVE_MALLOC_H 1
| #define HAVE_STDLIB_H 1
| #define HAVE_STRING_H 1
| #define HAVE_SYS_IOCTL_H 1
| #define HAVE_SYS_PARAM_H 1
| #define HAVE_UNISTD_H 1
| #define HAVE_CURSES_H 1
| #define HAVE_NCURSES_H 1
| #define HAVE_SYS_CDEFS_H 1
| #define HAVE_TERMCAP_H 1
| #define HAVE_TERM_H 1
| #define HAVE_U_INT32_T 1
| #define HAVE_FORK 1
| #define HAVE_VFORK 1
| #define HAVE_WORKING_VFORK 1
| #define HAVE_WORKING_FORK 1
| #define RETSIGTYPE void
| #define LSTAT_FOLLOWS_SLASHED_SYMLINK 1
| #define HAVE_ENDPWENT 1
| #define HAVE_ISASCII 1
| #define HAVE_MEMCHR 1
| #define HAVE_MEMSET 1
| #define HAVE_RE_COMP 1
| #define HAVE_REGCOMP 1
| #define HAVE_STRCASECMP 1
| #define HAVE_STRCHR 1
| #define HAVE_STRCSPN 1
| #define HAVE_STRDUP 1
| #define HAVE_STRERROR 1
| #define HAVE_STRRCHR 1
| #define HAVE_STRSTR 1
| #define HAVE_STRTOL 1
| #define HAVE_WCSDUP 1
| #define HAVE_GETLINE 1
| #define HAVE_SECURE_GETENV 1
| /* end confdefs.h.  */
| /* Define unvis to an innocuous variant, in case <limits.h> declares unvis.
|    For example, HP-UX 11i <limits.h> declares gettimeofday.  */
| #define unvis innocuous_unvis
| 
| /* System header to define __stub macros and hopefully few prototypes,
|     which can conflict with char unvis (); below.
|     Prefer <limits.h> to <assert.h> if __STDC__ is defined, since
|     <limits.h> exists even on freestanding compilers.  */
| 
| #ifdef __STDC__
| # include <limits.h>
| #else
| # include <assert.h>
| #endif
| 
| #undef unvis
| 
| /* Override any GCC internal prototype to avoid an error.
|    Use char because int might match the return type of a GCC
|    builtin and then its argument prototype would still apply.  */
| #ifdef __cplusplus
| extern "C"
| #endif
| char unvis ();
| /* The GNU C library defines this for functions which it implements
|     to always fail with ENOSYS.  Some functions are actually named
|     something starting with __ and the normal name is an alias.  */
| #if defined __stub_unvis || defined __stub___unvis
| choke me
| #endif
| 
| int
| main ()
| {
| return unvis ();
|   ;
|   return 0;
| }
configure:13644: result: no
configure:13662: checking whether getpwnam_r and getpwuid_r are posix like
configure:13681: gcc -o conftest -g -O2   conftest.c -lncurses  >&5
configure:13681: $? = 0
configure:13685: result: yes
configure:13695: checking whether getpwnam_r and getpwuid_r are posix _draft_ like
configure:13714: gcc -o conftest -g -O2   conftest.c -lncurses  >&5
conftest.c: In function 'main':
conftest.c:76:1: error: too few arguments to function 'getpwnam_r'
 getpwnam_r(NULL, NULL, NULL, (size_t)0);
 ^~~~~~~~~~
In file included from conftest.c:72:0:
/usr/include/pwd.h:150:12: note: declared here
 extern int getpwnam_r (const char *__restrict __name,
            ^~~~~~~~~~
conftest.c:77:17: error: too few arguments to function 'getpwuid_r'
                 getpwuid_r((uid_t)0, NULL, NULL, (size_t)0);
                 ^~~~~~~~~~
In file included from conftest.c:72:0:
/usr/include/pwd.h:144:12: note: declared here
 extern int getpwuid_r (__uid_t __uid,
            ^~~~~~~~~~
configure:13714: $? = 1
configure: failed program was:
| /* confdefs.h */
| #define PACKAGE_NAME "libedit"
| #define PACKAGE_TARNAME "libedit-20180525"
| #define PACKAGE_VERSION "3.1"
| #define PACKAGE_STRING "libedit 3.1"
| #define PACKAGE_BUGREPORT ""
| #define PACKAGE_URL ""
| #define STDC_HEADERS 1
| #define HAVE_SYS_TYPES_H 1
| #define HAVE_SYS_STAT_H 1
| #define HAVE_STDLIB_H 1
| #define HAVE_STRING_H 1
| #define HAVE_MEMORY_H 1
| #define HAVE_STRINGS_H 1
| #define HAVE_INTTYPES_H 1
| #define HAVE_STDINT_H 1
| #define HAVE_UNISTD_H 1
| #define __EXTENSIONS__ 1
| #define _ALL_SOURCE 1
| #define _GNU_SOURCE 1
| #define _POSIX_PTHREAD_SEMANTICS 1
| #define _TANDEM_SOURCE 1
| #define PACKAGE "libedit-20180525"
| #define VERSION "3.1"
| #define HAVE_DLFCN_H 1
| #define LT_OBJDIR ".libs/"
| #define HAVE_LIBNCURSES 1
| #define HAVE_DIRENT_H 1
| #define STDC_HEADERS 1
| #define HAVE_SYS_WAIT_H 1
| #define HAVE_FCNTL_H 1
| #define HAVE_LIMITS_H 1
| #define HAVE_MALLOC_H 1
| #define HAVE_STDLIB_H 1
| #define HAVE_STRING_H 1
| #define HAVE_SYS_IOCTL_H 1
| #define HAVE_SYS_PARAM_H 1
| #define HAVE_UNISTD_H 1
| #define HAVE_CURSES_H 1
| #define HAVE_NCURSES_H 1
| #define HAVE_SYS_CDEFS_H 1
| #define HAVE_TERMCAP_H 1
| #define HAVE_TERM_H 1
| #define HAVE_U_INT32_T 1
| #define HAVE_FORK 1
| #define HAVE_VFORK 1
| #define HAVE_WORKING_VFORK 1
| #define HAVE_WORKING_FORK 1
| #define RETSIGTYPE void
| #define LSTAT_FOLLOWS_SLASHED_SYMLINK 1
| #define HAVE_ENDPWENT 1
| #define HAVE_ISASCII 1
| #define HAVE_MEMCHR 1
| #define HAVE_MEMSET 1
| #define HAVE_RE_COMP 1
| #define HAVE_REGCOMP 1
| #define HAVE_STRCASECMP 1
| #define HAVE_STRCHR 1
| #define HAVE_STRCSPN 1
| #define HAVE_STRDUP 1
| #define HAVE_STRERROR 1
| #define HAVE_STRRCHR 1
| #define HAVE_STRSTR 1
| #define HAVE_STRTOL 1
| #define HAVE_WCSDUP 1
| #define HAVE_GETLINE 1
| #define HAVE_SECURE_GETENV 1
| #define HAVE_GETPW_R_POSIX 1
| /* end confdefs.h.  */
| #include <stdlib.h>
|                 #include <sys/types.h>
|                 #include <pwd.h>
| int
| main ()
| {
| getpwnam_r(NULL, NULL, NULL, (size_t)0);
|                 getpwuid_r((uid_t)0, NULL, NULL, (size_t)0);
|   ;
|   return 0;
| }
configure:13721: result: no
configure:13842: checking that generated files are newer than configure
configure:13848: result: done
configure:13891: creating ./config.status

## ---------------------- ##
## Running config.status. ##
## ---------------------- ##

This file was extended by libedit config.status 3.1, which was
generated by GNU Autoconf 2.69.  Invocation command line was

  CONFIG_FILES    = 
  CONFIG_HEADERS  = 
  CONFIG_LINKS    = 
  CONFIG_COMMANDS = 
  $ ./config.status 

on ip-172-31-11-164.us-west-1.compute.internal

config.status:1147: creating Makefile
config.status:1147: creating libedit.pc
config.status:1147: creating src/Makefile
config.status:1147: creating doc/Makefile
config.status:1147: creating examples/Makefile
config.status:1147: creating config.h
config.status:1376: executing depfiles commands
config.status:1453: cd src       && sed -e '/# am--include-marker/d' Makefile         | make -f - am--depfiles
config.status:1458: $? = 0
config.status:1453: cd examples       && sed -e '/# am--include-marker/d' Makefile         | make -f - am--depfiles
config.status:1458: $? = 0
config.status:1376: executing libtool commands

## ---------------- ##
## Cache variables. ##
## ---------------- ##

ac_cv_build=x86_64-pc-linux-gnu
ac_cv_c_compiler_gnu=yes
ac_cv_c_const=yes
ac_cv_env_CC_set=
ac_cv_env_CC_value=
ac_cv_env_CFLAGS_set=
ac_cv_env_CFLAGS_value=
ac_cv_env_CPPFLAGS_set=
ac_cv_env_CPPFLAGS_value=
ac_cv_env_CPP_set=
ac_cv_env_CPP_value=
ac_cv_env_LDFLAGS_set=
ac_cv_env_LDFLAGS_value=
ac_cv_env_LIBS_set=
ac_cv_env_LIBS_value=
ac_cv_env_LT_SYS_LIBRARY_PATH_set=
ac_cv_env_LT_SYS_LIBRARY_PATH_value=
ac_cv_env_build_alias_set=
ac_cv_env_build_alias_value=
ac_cv_env_host_alias_set=
ac_cv_env_host_alias_value=
ac_cv_env_target_alias_set=
ac_cv_env_target_alias_value=
ac_cv_func___secure_getenv=no
ac_cv_func_closedir_void=no
ac_cv_func_endpwent=yes
ac_cv_func_fork=yes
ac_cv_func_fork_works=yes
ac_cv_func_getline=yes
ac_cv_func_isascii=yes
ac_cv_func_issetugid=no
ac_cv_func_lstat_dereferences_slashed_symlink=yes
ac_cv_func_memchr=yes
ac_cv_func_memset=yes
ac_cv_func_re_comp=yes
ac_cv_func_regcomp=yes
ac_cv_func_secure_getenv=yes
ac_cv_func_stat_empty_string_bug=no
ac_cv_func_strcasecmp=yes
ac_cv_func_strchr=yes
ac_cv_func_strcspn=yes
ac_cv_func_strdup=yes
ac_cv_func_strerror=yes
ac_cv_func_strlcat=no
ac_cv_func_strlcpy=no
ac_cv_func_strrchr=yes
ac_cv_func_strstr=yes
ac_cv_func_strtol=yes
ac_cv_func_strunvis=no
ac_cv_func_strvis=no
ac_cv_func_unvis=no
ac_cv_func_vfork=yes
ac_cv_func_vfork_works=yes
ac_cv_func_vis=no
ac_cv_func_wcsdup=yes
ac_cv_header_curses_h=yes
ac_cv_header_dirent_dirent_h=yes
ac_cv_header_dlfcn_h=yes
ac_cv_header_fcntl_h=yes
ac_cv_header_inttypes_h=yes
ac_cv_header_limits_h=yes
ac_cv_header_malloc_h=yes
ac_cv_header_memory_h=yes
ac_cv_header_minix_config_h=no
ac_cv_header_ncurses_h=yes
ac_cv_header_stdc=yes
ac_cv_header_stdint_h=yes
ac_cv_header_stdlib_h=yes
ac_cv_header_string_h=yes
ac_cv_header_strings_h=yes
ac_cv_header_sys_cdefs_h=yes
ac_cv_header_sys_ioctl_h=yes
ac_cv_header_sys_param_h=yes
ac_cv_header_sys_stat_h=yes
ac_cv_header_sys_types_h=yes
ac_cv_header_sys_wait_h=yes
ac_cv_header_term_h=yes
ac_cv_header_termcap_h=yes
ac_cv_header_termios_h=yes
ac_cv_header_unistd_h=yes
ac_cv_header_vfork_h=no
ac_cv_host=x86_64-pc-linux-gnu
ac_cv_lib_ncurses_tgetent=yes
ac_cv_member_struct_dirent_d_namlen=no
ac_cv_objext=o
ac_cv_path_EGREP='/usr/bin/grep -E'
ac_cv_path_FGREP='/usr/bin/grep -F'
ac_cv_path_GREP=/usr/bin/grep
ac_cv_path_NROFF=/usr/bin/nroff
ac_cv_path_SED=/usr/bin/sed
ac_cv_path_install='/usr/bin/install -c'
ac_cv_path_lt_DD=/usr/bin/dd
ac_cv_path_mkdir=/usr/bin/mkdir
ac_cv_prog_AWK=gawk
ac_cv_prog_CPP='gcc -E'
ac_cv_prog_ac_ct_AR=ar
ac_cv_prog_ac_ct_CC=gcc
ac_cv_prog_ac_ct_OBJDUMP=objdump
ac_cv_prog_ac_ct_RANLIB=ranlib
ac_cv_prog_ac_ct_STRIP=strip
ac_cv_prog_cc_c89=
ac_cv_prog_cc_c99=
ac_cv_prog_cc_g=yes
ac_cv_prog_gcc_traditional=no
ac_cv_prog_make_make_set=yes
ac_cv_safe_to_define___extensions__=yes
ac_cv_search_opendir='none required'
ac_cv_type_pid_t=yes
ac_cv_type_signal=void
ac_cv_type_size_t=yes
ac_cv_type_u_int32_t=yes
am_cv_CC_dependencies_compiler_type=gcc3
am_cv_make_support_nested_variables=yes
am_cv_prog_cc_c_o=yes
lt_cv_ar_at_file=@
lt_cv_archive_cmds_need_lc=no
lt_cv_deplibs_check_method=pass_all
lt_cv_file_magic_cmd='$MAGIC_CMD'
lt_cv_file_magic_test_file=
lt_cv_ld_reload_flag=-r
lt_cv_nm_interface='BSD nm'
lt_cv_objdir=.libs
lt_cv_path_LD=/usr/bin/ld
lt_cv_path_NM='/usr/bin/nm -B'
lt_cv_path_mainfest_tool=no
lt_cv_prog_compiler_c_o=yes
lt_cv_prog_compiler_pic='-fPIC -DPIC'
lt_cv_prog_compiler_pic_works=yes
lt_cv_prog_compiler_rtti_exceptions=no
lt_cv_prog_compiler_static_works=no
lt_cv_prog_gnu_ld=yes
lt_cv_sharedlib_from_linklib_cmd='printf %s\n'
lt_cv_shlibpath_overrides_runpath=no
lt_cv_sys_global_symbol_pipe='sed -n -e '\''s/^.*[	 ]\([ABCDGIRSTW][ABCDGIRSTW]*\)[	 ][	 ]*\([_A-Za-z][_A-Za-z0-9]*\)$/\1 \2 \2/p'\'' | sed '\''/ __gnu_lto/d'\'''
lt_cv_sys_global_symbol_to_c_name_address='sed -n -e '\''s/^: \(.*\) .*$/  {"\1", (void *) 0},/p'\'' -e '\''s/^[ABCDGIRSTW][ABCDGIRSTW]* .* \(.*\)$/  {"\1", (void *) \&\1},/p'\'''
lt_cv_sys_global_symbol_to_c_name_address_lib_prefix='sed -n -e '\''s/^: \(.*\) .*$/  {"\1", (void *) 0},/p'\'' -e '\''s/^[ABCDGIRSTW][ABCDGIRSTW]* .* \(lib.*\)$/  {"\1", (void *) \&\1},/p'\'' -e '\''s/^[ABCDGIRSTW][ABCDGIRSTW]* .* \(.*\)$/  {"lib\1", (void *) \&\1},/p'\'''
lt_cv_sys_global_symbol_to_cdecl='sed -n -e '\''s/^T .* \(.*\)$/extern int \1();/p'\'' -e '\''s/^[ABCDGIRSTW][ABCDGIRSTW]* .* \(.*\)$/extern char \1;/p'\'''
lt_cv_sys_global_symbol_to_import=
lt_cv_sys_max_cmd_len=1966080
lt_cv_to_host_file_cmd=func_convert_file_noop
lt_cv_to_tool_file_cmd=func_convert_file_noop
lt_cv_truncate_bin='/usr/bin/dd bs=4096 count=1'

## ----------------- ##
## Output variables. ##
## ----------------- ##

ACLOCAL='${SHELL} /home/ec2-user/environment/blog/libedit-20180525-3.1/libedit-20180525-3.1/missing aclocal-1.16'
AMDEPBACKSLASH='\'
AMDEP_FALSE='#'
AMDEP_TRUE=''
AMTAR='$${TAR-tar}'
AM_BACKSLASH='\'
AM_DEFAULT_V='$(AM_DEFAULT_VERBOSITY)'
AM_DEFAULT_VERBOSITY='0'
AM_V='$(V)'
AR='ar'
AUTOCONF='${SHELL} /home/ec2-user/environment/blog/libedit-20180525-3.1/libedit-20180525-3.1/missing autoconf'
AUTOHEADER='${SHELL} /home/ec2-user/environment/blog/libedit-20180525-3.1/libedit-20180525-3.1/missing autoheader'
AUTOMAKE='${SHELL} /home/ec2-user/environment/blog/libedit-20180525-3.1/libedit-20180525-3.1/missing automake-1.16'
AWK='gawk'
CC='gcc'
CCDEPMODE='depmode=gcc3'
CFLAGS='-g -O2'
CPP='gcc -E'
CPPFLAGS=''
CYGPATH_W='echo'
DEFS='-DHAVE_CONFIG_H'
DEPDIR='.deps'
DLLTOOL='false'
DSYMUTIL=''
DUMPBIN=''
ECHO_C=''
ECHO_N='-n'
ECHO_T=''
EGREP='/usr/bin/grep -E'
ENABLE_EXAMPLES_FALSE='#'
ENABLE_EXAMPLES_TRUE=''
EXEEXT=''
FGREP='/usr/bin/grep -F'
GREP='/usr/bin/grep'
HAVE_STRLCAT_FALSE=''
HAVE_STRLCAT_TRUE='#'
HAVE_STRLCPY_FALSE=''
HAVE_STRLCPY_TRUE='#'
HAVE_UNVIS_FALSE=''
HAVE_UNVIS_TRUE='#'
HAVE_VIS_FALSE=''
HAVE_VIS_TRUE='#'
INSTALL_DATA='${INSTALL} -m 644'
INSTALL_PROGRAM='${INSTALL}'
INSTALL_SCRIPT='${INSTALL}'
INSTALL_STRIP_PROGRAM='$(install_sh) -c -s'
LD='/usr/bin/ld -m elf_x86_64'
LDFLAGS=''
LIBOBJS=''
LIBS='-lncurses '
LIBTOOL='$(SHELL) $(top_builddir)/libtool'
LIPO=''
LN_S='ln -s'
LTLIBOBJS=''
LT_SYS_LIBRARY_PATH=''
LT_VERSION='0:58:0'
MAKEINFO='${SHELL} /home/ec2-user/environment/blog/libedit-20180525-3.1/libedit-20180525-3.1/missing makeinfo'
MANIFEST_TOOL=':'
MANTYPE='mdoc'
MKDIR_P='/usr/bin/mkdir -p'
NM='/usr/bin/nm -B'
NMEDIT=''
NROFF='/usr/bin/nroff'
OBJDUMP='objdump'
OBJEXT='o'
OTOOL64=''
OTOOL=''
PACKAGE='libedit-20180525'
PACKAGE_BUGREPORT=''
PACKAGE_NAME='libedit'
PACKAGE_STRING='libedit 3.1'
PACKAGE_TARNAME='libedit-20180525'
PACKAGE_URL=''
PACKAGE_VERSION='3.1'
PATH_SEPARATOR=':'
RANLIB='ranlib'
SED='/usr/bin/sed'
SET_MAKE=''
SHELL='/bin/sh'
STRIP='strip'
VERSION='3.1'
ac_ct_AR='ar'
ac_ct_CC='gcc'
ac_ct_DUMPBIN=''
am__EXEEXT_FALSE=''
am__EXEEXT_TRUE='#'
am__fastdepCC_FALSE='#'
am__fastdepCC_TRUE=''
am__include='include'
am__isrc=''
am__leading_dot='.'
am__nodep='_no'
am__quote=''
am__tar='$${TAR-tar} chof - "$$tardir"'
am__untar='$${TAR-tar} xf -'
bindir='${exec_prefix}/bin'
build='x86_64-pc-linux-gnu'
build_alias=''
build_cpu='x86_64'
build_os='linux-gnu'
build_vendor='pc'
datadir='${datarootdir}'
datarootdir='${prefix}/share'
docdir='${datarootdir}/doc/${PACKAGE_TARNAME}'
dvidir='${docdir}'
exec_prefix='${prefix}'
host='x86_64-pc-linux-gnu'
host_alias=''
host_cpu='x86_64'
host_os='linux-gnu'
host_vendor='pc'
htmldir='${docdir}'
includedir='${prefix}/include'
infodir='${datarootdir}/info'
install_sh='${SHELL} /home/ec2-user/environment/blog/libedit-20180525-3.1/libedit-20180525-3.1/install-sh'
libdir='/usr/local/lib64'
libexecdir='${exec_prefix}/libexec'
localedir='${datarootdir}/locale'
localstatedir='${prefix}/var'
mandir='${datarootdir}/man'
mkdir_p='$(MKDIR_P)'
oldincludedir='/usr/include'
pdfdir='${docdir}'
prefix='/usr/local'
program_transform_name='s,x,x,'
psdir='${docdir}'
sbindir='${exec_prefix}/sbin'
sharedstatedir='${prefix}/com'
sysconfdir='${prefix}/etc'
target_alias=''

## ----------- ##
## confdefs.h. ##
## ----------- ##

/* confdefs.h */
#define PACKAGE_NAME "libedit"
#define PACKAGE_TARNAME "libedit-20180525"
#define PACKAGE_VERSION "3.1"
#define PACKAGE_STRING "libedit 3.1"
#define PACKAGE_BUGREPORT ""
#define PACKAGE_URL ""
#define STDC_HEADERS 1
#define HAVE_SYS_TYPES_H 1
#define HAVE_SYS_STAT_H 1
#define HAVE_STDLIB_H 1
#define HAVE_STRING_H 1
#define HAVE_MEMORY_H 1
#define HAVE_STRINGS_H 1
#define HAVE_INTTYPES_H 1
#define HAVE_STDINT_H 1
#define HAVE_UNISTD_H 1
#define __EXTENSIONS__ 1
#define _ALL_SOURCE 1
#define _GNU_SOURCE 1
#define _POSIX_PTHREAD_SEMANTICS 1
#define _TANDEM_SOURCE 1
#define PACKAGE "libedit-20180525"
#define VERSION "3.1"
#define HAVE_DLFCN_H 1
#define LT_OBJDIR ".libs/"
#define HAVE_LIBNCURSES 1
#define HAVE_DIRENT_H 1
#define STDC_HEADERS 1
#define HAVE_SYS_WAIT_H 1
#define HAVE_FCNTL_H 1
#define HAVE_LIMITS_H 1
#define HAVE_MALLOC_H 1
#define HAVE_STDLIB_H 1
#define HAVE_STRING_H 1
#define HAVE_SYS_IOCTL_H 1
#define HAVE_SYS_PARAM_H 1
#define HAVE_UNISTD_H 1
#define HAVE_CURSES_H 1
#define HAVE_NCURSES_H 1
#define HAVE_SYS_CDEFS_H 1
#define HAVE_TERMCAP_H 1
#define HAVE_TERM_H 1
#define HAVE_U_INT32_T 1
#define HAVE_FORK 1
#define HAVE_VFORK 1
#define HAVE_WORKING_VFORK 1
#define HAVE_WORKING_FORK 1
#define RETSIGTYPE void
#define LSTAT_FOLLOWS_SLASHED_SYMLINK 1
#define HAVE_ENDPWENT 1
#define HAVE_ISASCII 1
#define HAVE_MEMCHR 1
#define HAVE_MEMSET 1
#define HAVE_RE_COMP 1
#define HAVE_REGCOMP 1
#define HAVE_STRCASECMP 1
#define HAVE_STRCHR 1
#define HAVE_STRCSPN 1
#define HAVE_STRDUP 1
#define HAVE_STRERROR 1
#define HAVE_STRRCHR 1
#define HAVE_STRSTR 1
#define HAVE_STRTOL 1
#define HAVE_WCSDUP 1
#define HAVE_GETLINE 1
#define HAVE_SECURE_GETENV 1
#define HAVE_GETPW_R_POSIX 1

configure: exit 0
